31 [22865360314432] INFO perfrun.launcher <> - Launcher main begin
36 [22865360314432] INFO perfrun.launcher <> - MessageCatalogInit finished
36 [22865360314432] INFO perfrun.launcher <> - Launcher instance created
36 [22865360314432] INFO perfrun.launcher <> - argc = 6; cmdline = /cvmfs/hpcsw.umd.edu/spack-software/2022.06.15/linux-rhel8-zen2/intel-2021.4.0/intel-oneapi-vtune-2021.7.1-jhpewnx4fmcu2nob5e5zhkmucympmlpu/vtune/2021.7.1/bin64/amplxe-runss -dump-vdso -r /tmp/amplxe-tmp-borhani/amplxe-res-417323-29255847689447894 --tmp-dir /tmp/amplxe-tmp-borhani 
86 [22865360314432] INFO perfrun.launcher <> - create msngr2::ICliToolContext
86 [22865360314432] INFO perfrun.launcher <> - create file finder object
113 [22865235027712] INFO perfrun.launcher <> - plugin [remoteplug] was disabled because it doesn't support the given collection type.
113 [22865235027712] INFO perfrun.launcher <> - plugin [system] was disabled because it doesn't support the given collection type.
113 [22865235027712] INFO perfrun.vdso <> - dumping [vdso] pseudomodule
115 [22865235027712] INFO perfrun.launcher <> - plugin [itt] was disabled because it doesn't support the given collection type.
115 [22865235027712] INFO perfrun.launcher <> - plugin [ptracecollector] was disabled because it doesn't support the given collection type.
115 [22865235027712] INFO perfrun.launcher <> - plugin [gpu] was disabled because it doesn't support the given collection type.
115 [22865235027712] INFO perfrun.launcher <> - plugin [] was disabled because it doesn't support the given collection type.
115 [22865235027712] INFO perfrun.launcher <> - plugin [] was disabled because it doesn't support the given collection type.
115 [22865235027712] INFO perfrun.launcher <> - plugin [] was disabled because it doesn't support the given collection type.
115 [22865235027712] INFO perfrun.launcher <> - plugin [mrte] was disabled because it doesn't support the given collection type.
115 [22865235027712] INFO perfrun.launcher <> - plugin [emon] was disabled because it doesn't support the given collection type.
115 [22865235027712] INFO perfrun.launcher <> - plugin [cuscol] was disabled because it doesn't support the given collection type.
115 [22865235027712] INFO perfrun.launcher <> - plugin [stdsrc] was disabled because it doesn't support the given collection type.
115 [22865235027712] INFO perfrun.launcher <> - plugin [sep] was disabled because it doesn't support the given collection type.
115 [22865235027712] INFO perfrun.launcher <> - plugin [vtsspp] was disabled because it doesn't support the given collection type.
115 [22865235027712] INFO perfrun.launcher <> - plugin [perf] was disabled because it doesn't support the given collection type.
115 [22865235027712] INFO perfrun.launcher <> - plugin [aoclprofile] was disabled because it doesn't support the given collection type.
115 [22865235027712] INFO perfrun.launcher <> - plugin [tpss] was disabled because it doesn't support the given collection type.
115 [22865235027712] INFO perfrun.launcher <> - plugin [exprof] was disabled because it doesn't support the given collection type.
115 [22865235027712] INFO perfrun.launcher <> - plugin [media] was disabled because it doesn't support the given collection type.
115 [22865235027712] INFO perfrun.launcher <> - plugin [] was disabled because it doesn't support the given collection type.
115 [22865235027712] INFO perfrun.launcher <> - plugin [] was disabled because it doesn't support the given collection type.
115 [22865235027712] INFO perfrun.launcher <> - plugin [parallelfs] was disabled because it doesn't support the given collection type.
115 [22865235027712] INFO perfrun.launcher <> - plugin [power] was disabled because it doesn't support the given collection type.
115 [22865235027712] INFO perfrun.launcher <> - plugin [hwloc] was disabled because it doesn't support the given collection type.
115 [22865235027712] INFO perfrun.launcher <> - plugin [ipmwatch] was disabled because it doesn't support the given collection type.
115 [22865235027712] INFO perfrun.launcher <> - plugin [os_counters] was disabled because it doesn't support the given collection type.
115 [22865360314432] INFO perfrun.launcher <> - Application exit code: 0
115 [22865360314432] INFO perfrun.launcher <> - Exit code: 0
