
399983 : 0x29c3fafa1d6b6c : 1 : spill_jit_data :  Jit agent is not initialized
399983 : 0x29c3fafa1e9c86 : 2 : ittapi_config_mask_get :  --itt-config mask to be applied: 55
399983 : 0x29c3fafa1eaddc : 2 : ittapi_config_apply_per_lib :  ITTAPI function instrumented: __itt_domain_create
399983 : 0x29c3fafa1eb54c : 2 : ittapi_config_apply_per_lib :  ITTAPI function instrumented: __itt_string_handle_create
399983 : 0x29c3fafa1ebae5 : 2 : ittapi_config_apply_per_lib :  ITTAPI function instrumented: __itt_counter_create
399983 : 0x29c3fafa1ebfa1 : 2 : ittapi_config_apply_per_lib :  ITTAPI function instrumented: __itt_counter_create_typed
399983 : 0x29c3fafa1ec4df : 2 : ittapi_config_apply_per_lib :  ITTAPI function instrumented: __itt_pause
399983 : 0x29c3fafa1ec9ba : 2 : ittapi_config_apply_per_lib :  ITTAPI function instrumented: __itt_resume
399983 : 0x29c3fafa1ece44 : 2 : ittapi_config_apply_per_lib :  ITTAPI function instrumented: __itt_thread_set_name
399983 : 0x29c3fafa1ed256 : 2 : ittapi_config_apply_per_lib :  ITTAPI function instrumented: __itt_thread_ignore
399983 : 0x29c3fafa1f766f : 2 : ittapi_config_apply_per_lib :  ITTAPI function instrumented: __itt_thr_name_set
399983 : 0x29c3fafa1f7d20 : 2 : ittapi_config_apply_per_lib :  ITTAPI function instrumented: __itt_thr_ignore
399983 : 0x29c3fafa1f852f : 2 : ittapi_config_apply_per_lib :  ITTAPI function not implemented: __itt_enable_attach
399983 : 0x29c3fafa1f8c31 : 2 : ittapi_config_apply_per_lib :  ITTAPI function instrumented: __itt_detach
399983 : 0x29c3fafa1f911f : 2 : ittapi_config_apply_per_lib :  ITTAPI function NOT instrumented (not matched by --itt-config option): __itt_sync_create

399983 : 0x29c3fafa1f95b3 : 2 : ittapi_config_apply_per_lib :  ITTAPI function NOT instrumented (not matched by --itt-config option): __itt_sync_rename

399983 : 0x29c3fafa1f99b1 : 2 : ittapi_config_apply_per_lib :  ITTAPI function NOT instrumented (not matched by --itt-config option): __itt_sync_destroy

399983 : 0x29c3fafa1f9d41 : 2 : ittapi_config_apply_per_lib :  ITTAPI function NOT instrumented (not matched by --itt-config option): __itt_sync_prepare

399983 : 0x29c3fafa1fa10d : 2 : ittapi_config_apply_per_lib :  ITTAPI function NOT instrumented (not matched by --itt-config option): __itt_sync_cancel

399983 : 0x29c3fafa1fa4a7 : 2 : ittapi_config_apply_per_lib :  ITTAPI function NOT instrumented (not matched by --itt-config option): __itt_sync_acquired

399983 : 0x29c3fafa1fc9b7 : 2 : ittapi_config_apply_per_lib :  ITTAPI function NOT instrumented (not matched by --itt-config option): __itt_sync_releasing

399983 : 0x29c3fafa1fd0c2 : 2 : ittapi_config_apply_per_lib :  ITTAPI function not implemented: __itt_suppress_push
399983 : 0x29c3fafa1fd7d7 : 2 : ittapi_config_apply_per_lib :  ITTAPI function not implemented: __itt_suppress_pop
399983 : 0x29c3fafa1fdda2 : 2 : ittapi_config_apply_per_lib :  ITTAPI function not implemented: __itt_suppress_mark_range
399983 : 0x29c3fafa1fe327 : 2 : ittapi_config_apply_per_lib :  ITTAPI function not implemented: __itt_suppress_clear_range
399983 : 0x29c3fafa1fe6d5 : 2 : ittapi_config_apply_per_lib :  ITTAPI function NOT instrumented (not matched by --itt-config option): __itt_sync_prepare

399983 : 0x29c3fafa1feadc : 2 : ittapi_config_apply_per_lib :  ITTAPI function NOT instrumented (not matched by --itt-config option): __itt_sync_cancel

399983 : 0x29c3fafa1fee44 : 2 : ittapi_config_apply_per_lib :  ITTAPI function NOT instrumented (not matched by --itt-config option): __itt_sync_acquired

399983 : 0x29c3fafa1ff3b5 : 2 : ittapi_config_apply_per_lib :  ITTAPI function NOT instrumented (not matched by --itt-config option): __itt_sync_releasing

399983 : 0x29c3fafa1ff762 : 2 : ittapi_config_apply_per_lib :  ITTAPI function NOT instrumented (not matched by --itt-config option): __itt_model_site_begin

399983 : 0x29c3fafa2017ac : 2 : ittapi_config_apply_per_lib :  ITTAPI function NOT instrumented (not matched by --itt-config option): __itt_model_site_end

399983 : 0x29c3fafa201ca4 : 2 : ittapi_config_apply_per_lib :  ITTAPI function NOT instrumented (not matched by --itt-config option): __itt_model_task_begin

399983 : 0x29c3fafa202034 : 2 : ittapi_config_apply_per_lib :  ITTAPI function NOT instrumented (not matched by --itt-config option): __itt_model_task_end

399983 : 0x29c3fafa202464 : 2 : ittapi_config_apply_per_lib :  ITTAPI function NOT instrumented (not matched by --itt-config option): __itt_model_lock_acquire

399983 : 0x29c3fafa20288a : 2 : ittapi_config_apply_per_lib :  ITTAPI function NOT instrumented (not matched by --itt-config option): __itt_model_lock_release

399983 : 0x29c3fafa202c60 : 2 : ittapi_config_apply_per_lib :  ITTAPI function NOT instrumented (not matched by --itt-config option): __itt_model_record_allocation

399983 : 0x29c3fafa21d102 : 2 : ittapi_config_apply_per_lib :  ITTAPI function NOT instrumented (not matched by --itt-config option): __itt_model_record_deallocation

399983 : 0x29c3fafa21d65e : 2 : ittapi_config_apply_per_lib :  ITTAPI function NOT instrumented (not matched by --itt-config option): __itt_model_induction_uses

399983 : 0x29c3fafa21da5c : 2 : ittapi_config_apply_per_lib :  ITTAPI function NOT instrumented (not matched by --itt-config option): __itt_model_reduction_uses

399983 : 0x29c3fafa21de64 : 2 : ittapi_config_apply_per_lib :  ITTAPI function NOT instrumented (not matched by --itt-config option): __itt_model_observe_uses

399983 : 0x29c3fafa222a28 : 2 : ittapi_config_apply_per_lib :  ITTAPI function NOT instrumented (not matched by --itt-config option): __itt_model_clear_uses

399983 : 0x29c3fafa222edb : 2 : ittapi_config_apply_per_lib :  ITTAPI function NOT instrumented (not matched by --itt-config option): __itt_model_site_beginA

399983 : 0x29c3fafa2232cf : 2 : ittapi_config_apply_per_lib :  ITTAPI function NOT instrumented (not matched by --itt-config option): __itt_model_site_beginAL

399983 : 0x29c3fafa22364a : 2 : ittapi_config_apply_per_lib :  ITTAPI function NOT instrumented (not matched by --itt-config option): __itt_model_task_beginA

399983 : 0x29c3fafa2239da : 2 : ittapi_config_apply_per_lib :  ITTAPI function NOT instrumented (not matched by --itt-config option): __itt_model_task_beginAL

399983 : 0x29c3fafa223d19 : 2 : ittapi_config_apply_per_lib :  ITTAPI function NOT instrumented (not matched by --itt-config option): __itt_model_iteration_taskA

399983 : 0x29c3fafa224077 : 2 : ittapi_config_apply_per_lib :  ITTAPI function NOT instrumented (not matched by --itt-config option): __itt_model_iteration_taskAL

399983 : 0x29c3fafa2243f3 : 2 : ittapi_config_apply_per_lib :  ITTAPI function NOT instrumented (not matched by --itt-config option): __itt_model_site_end_2

399983 : 0x29c3fafa22471e : 2 : ittapi_config_apply_per_lib :  ITTAPI function NOT instrumented (not matched by --itt-config option): __itt_model_task_end_2

399983 : 0x29c3fafa224aa4 : 2 : ittapi_config_apply_per_lib :  ITTAPI function NOT instrumented (not matched by --itt-config option): __itt_model_lock_acquire_2

399983 : 0x29c3fafa226953 : 2 : ittapi_config_apply_per_lib :  ITTAPI function NOT instrumented (not matched by --itt-config option): __itt_model_lock_release_2

399983 : 0x29c3fafa226dd3 : 2 : ittapi_config_apply_per_lib :  ITTAPI function NOT instrumented (not matched by --itt-config option): __itt_model_aggregate_task

399983 : 0x29c3fafa22713a : 2 : ittapi_config_apply_per_lib :  ITTAPI function NOT instrumented (not matched by --itt-config option): __itt_model_disable_push

399983 : 0x29c3fafa2274c0 : 2 : ittapi_config_apply_per_lib :  ITTAPI function NOT instrumented (not matched by --itt-config option): __itt_model_disable_pop

399983 : 0x29c3fafa227b17 : 2 : ittapi_config_apply_per_lib :  ITTAPI function instrumented: __itt_heap_function_create
399983 : 0x29c3fafa228056 : 2 : ittapi_config_apply_per_lib :  ITTAPI function instrumented: __itt_heap_allocate_begin
399983 : 0x29c3fafa2284fe : 2 : ittapi_config_apply_per_lib :  ITTAPI function instrumented: __itt_heap_allocate_end
399983 : 0x29c3fafa228960 : 2 : ittapi_config_apply_per_lib :  ITTAPI function instrumented: __itt_heap_free_begin
399983 : 0x29c3fafa228df4 : 2 : ittapi_config_apply_per_lib :  ITTAPI function instrumented: __itt_heap_free_end
399983 : 0x29c3fafa229261 : 2 : ittapi_config_apply_per_lib :  ITTAPI function instrumented: __itt_heap_reallocate_begin
399983 : 0x29c3fafa22c0cb : 2 : ittapi_config_apply_per_lib :  ITTAPI function instrumented: __itt_heap_reallocate_end
399983 : 0x29c3fafa22c79a : 2 : ittapi_config_apply_per_lib :  ITTAPI function not implemented: __itt_heap_internal_access_begin
399983 : 0x29c3fafa22cd83 : 2 : ittapi_config_apply_per_lib :  ITTAPI function not implemented: __itt_heap_internal_access_end
399983 : 0x29c3fafa22d33a : 2 : ittapi_config_apply_per_lib :  ITTAPI function not implemented: __itt_heap_record_memory_growth_begin
399983 : 0x29c3fafa22d88c : 2 : ittapi_config_apply_per_lib :  ITTAPI function not implemented: __itt_heap_record_memory_growth_end
399983 : 0x29c3fafa22dd49 : 2 : ittapi_config_apply_per_lib :  ITTAPI function not implemented: __itt_heap_reset_detection
399983 : 0x29c3fafa22e36d : 2 : ittapi_config_apply_per_lib :  ITTAPI function not implemented: __itt_heap_record
399983 : 0x29c3fafa22e87a : 2 : ittapi_config_apply_per_lib :  ITTAPI function not implemented: __itt_id_create
399983 : 0x29c3fafa22ee31 : 2 : ittapi_config_apply_per_lib :  ITTAPI function not implemented: __itt_id_destroy
399983 : 0x29c3fafa22f2e3 : 2 : ittapi_config_apply_per_lib :  ITTAPI function instrumented: __itt_get_timestamp
399983 : 0x29c3fafa231232 : 2 : ittapi_config_apply_per_lib :  ITTAPI function not implemented: __itt_region_begin
399983 : 0x29c3fafa2317de : 2 : ittapi_config_apply_per_lib :  ITTAPI function not implemented: __itt_region_end
399983 : 0x29c3fafa231cc3 : 2 : ittapi_config_apply_per_lib :  ITTAPI function instrumented: __itt_frame_begin_v3
399983 : 0x29c3fafa232189 : 2 : ittapi_config_apply_per_lib :  ITTAPI function instrumented: __itt_frame_end_v3
399983 : 0x29c3fafa232659 : 2 : ittapi_config_apply_per_lib :  ITTAPI function instrumented: __itt_frame_submit_v3
399983 : 0x29c3fafa232b7a : 2 : ittapi_config_apply_per_lib :  ITTAPI function not implemented: __itt_task_group
399983 : 0x29c3fafa233054 : 2 : ittapi_config_apply_per_lib :  ITTAPI function instrumented: __itt_task_begin
399983 : 0x29c3fafa233601 : 2 : ittapi_config_apply_per_lib :  ITTAPI function instrumented: __itt_task_begin_fn
399983 : 0x29c3fafa233a31 : 2 : ittapi_config_apply_per_lib :  ITTAPI function instrumented: __itt_task_end
399983 : 0x29c3fafa233f5c : 2 : ittapi_config_apply_per_lib :  ITTAPI function not implemented: __itt_counter_inc_v3
399983 : 0x29c3fafa235e78 : 2 : ittapi_config_apply_per_lib :  ITTAPI function not implemented: __itt_counter_inc_delta_v3
399983 : 0x29c3fafa236425 : 2 : ittapi_config_apply_per_lib :  ITTAPI function not implemented: __itt_counter_dec_v3
399983 : 0x29c3fafa236931 : 2 : ittapi_config_apply_per_lib :  ITTAPI function not implemented: __itt_counter_dec_delta_v3
399983 : 0x29c3fafa236e0c : 2 : ittapi_config_apply_per_lib :  ITTAPI function not implemented: __itt_marker
399983 : 0x29c3fafa237304 : 2 : ittapi_config_apply_per_lib :  ITTAPI function instrumented: __itt_metadata_add
399983 : 0x29c3fafa2377f3 : 2 : ittapi_config_apply_per_lib :  ITTAPI function not implemented: __itt_metadata_str_add
399983 : 0x29c3fafa237cf5 : 2 : ittapi_config_apply_per_lib :  ITTAPI function not implemented: __itt_relation_add_to_current
399983 : 0x29c3fafa2381ed : 2 : ittapi_config_apply_per_lib :  ITTAPI function not implemented: __itt_relation_add
399983 : 0x29c3fafa23863b : 2 : ittapi_config_apply_per_lib :  ITTAPI function instrumented: __itt_event_create
399983 : 0x29c3fafa238a80 : 2 : ittapi_config_apply_per_lib :  ITTAPI function instrumented: __itt_event_start
399983 : 0x29c3fafa23a94c : 2 : ittapi_config_apply_per_lib :  ITTAPI function instrumented: __itt_event_end
399983 : 0x29c3fafa23ade1 : 2 : ittapi_config_apply_per_lib :  ITTAPI function NOT instrumented (not matched by --itt-config option): __itt_sync_set_name

399983 : 0x29c3fafa23b1e8 : 2 : ittapi_config_apply_per_lib :  ITTAPI function NOT instrumented (not matched by --itt-config option): __itt_notify_sync_name

399983 : 0x29c3fafa23b5aa : 2 : ittapi_config_apply_per_lib :  ITTAPI function NOT instrumented (not matched by --itt-config option): __itt_notify_sync_prepare

399983 : 0x29c3fafa23b98a : 2 : ittapi_config_apply_per_lib :  ITTAPI function NOT instrumented (not matched by --itt-config option): __itt_notify_sync_cancel

399983 : 0x29c3fafa23bd4c : 2 : ittapi_config_apply_per_lib :  ITTAPI function NOT instrumented (not matched by --itt-config option): __itt_notify_sync_acquired

399983 : 0x29c3fafa23c0c8 : 2 : ittapi_config_apply_per_lib :  ITTAPI function NOT instrumented (not matched by --itt-config option): __itt_notify_sync_releasing

399983 : 0x29c3fafa23c552 : 2 : ittapi_config_apply_per_lib :  ITTAPI function not implemented: __itt_memory_read
399983 : 0x29c3fafa23ca86 : 2 : ittapi_config_apply_per_lib :  ITTAPI function not implemented: __itt_memory_write
399983 : 0x29c3fafa23cf42 : 2 : ittapi_config_apply_per_lib :  ITTAPI function not implemented: __itt_memory_update
399983 : 0x29c3fafa240115 : 2 : ittapi_config_apply_per_lib :  ITTAPI function not implemented: __itt_state_get
399983 : 0x29c3fafa240685 : 2 : ittapi_config_apply_per_lib :  ITTAPI function not implemented: __itt_state_set
399983 : 0x29c3fafa240b73 : 2 : ittapi_config_apply_per_lib :  ITTAPI function not implemented: __itt_obj_mode_set
399983 : 0x29c3fafa241094 : 2 : ittapi_config_apply_per_lib :  ITTAPI function not implemented: __itt_thr_mode_set
399983 : 0x29c3fafa24158c : 2 : ittapi_config_apply_per_lib :  ITTAPI function instrumented: __itt_frame_create
399983 : 0x29c3fafa2419e4 : 2 : ittapi_config_apply_per_lib :  ITTAPI function instrumented: __itt_pt_region_create
399983 : 0x29c3fafa241ea1 : 2 : ittapi_config_apply_per_lib :  ITTAPI function instrumented: __itt_frame_begin
399983 : 0x29c3fafa2422c7 : 2 : ittapi_config_apply_per_lib :  ITTAPI function instrumented: __itt_frame_end
399983 : 0x29c3fafa2428b0 : 2 : ittapi_config_apply_per_lib :  ITTAPI function not implemented: __itt_counter_destroy
399983 : 0x29c3fafa242db2 : 2 : ittapi_config_apply_per_lib :  ITTAPI function instrumented: __itt_counter_inc
399983 : 0x29c3fafa246707 : 2 : ittapi_config_apply_per_lib :  ITTAPI function instrumented: __itt_counter_inc_delta
399983 : 0x29c3fafa246c14 : 2 : ittapi_config_apply_per_lib :  ITTAPI function instrumented: __itt_counter_dec
399983 : 0x29c3fafa2470ee : 2 : ittapi_config_apply_per_lib :  ITTAPI function instrumented: __itt_counter_dec_delta
399983 : 0x29c3fafa247564 : 2 : ittapi_config_apply_per_lib :  ITTAPI function instrumented: __itt_counter_set_value
399983 : 0x29c3fafa247a71 : 2 : ittapi_config_apply_per_lib :  ITTAPI function not implemented: __itt_counter_set_value_ex
399983 : 0x29c3fafa247f5f : 2 : ittapi_config_apply_per_lib :  ITTAPI function not implemented: __itt_mark_create
399983 : 0x29c3fafa2484d0 : 2 : ittapi_config_apply_per_lib :  ITTAPI function not implemented: __itt_mark
399983 : 0x29c3fafa2489a0 : 2 : ittapi_config_apply_per_lib :  ITTAPI function not implemented: __itt_mark_off
399983 : 0x29c3fafa248e7a : 2 : ittapi_config_apply_per_lib :  ITTAPI function not implemented: __itt_mark_global
399983 : 0x29c3fafa24932c : 2 : ittapi_config_apply_per_lib :  ITTAPI function not implemented: __itt_mark_global_off
399983 : 0x29c3fafa24b88d : 2 : ittapi_config_apply_per_lib :  ITTAPI function instrumented: __itt_stack_caller_create
399983 : 0x29c3fafa24bd8f : 2 : ittapi_config_apply_per_lib :  ITTAPI function instrumented: __itt_stack_caller_destroy
399983 : 0x29c3fafa24c237 : 2 : ittapi_config_apply_per_lib :  ITTAPI function instrumented: __itt_stack_callee_enter
399983 : 0x29c3fafa24c6e0 : 2 : ittapi_config_apply_per_lib :  ITTAPI function instrumented: __itt_stack_callee_leave
399983 : 0x29c3fafa24cc78 : 2 : ittapi_config_apply_per_lib :  ITTAPI function not implemented: __itt_clock_domain_create
399983 : 0x29c3fafa24d1c1 : 2 : ittapi_config_apply_per_lib :  ITTAPI function not implemented: __itt_clock_domain_reset
399983 : 0x29c3fafa24d669 : 2 : ittapi_config_apply_per_lib :  ITTAPI function not implemented: __itt_id_create_ex
399983 : 0x29c3fafa24db25 : 2 : ittapi_config_apply_per_lib :  ITTAPI function not implemented: __itt_id_destroy_ex
399983 : 0x29c3fafa24dff5 : 2 : ittapi_config_apply_per_lib :  ITTAPI function not implemented: __itt_task_begin_ex
399983 : 0x29c3fafa24e4bc : 2 : ittapi_config_apply_per_lib :  ITTAPI function not implemented: __itt_task_begin_fn_ex
399983 : 0x29c3fafa2512a4 : 2 : ittapi_config_apply_per_lib :  ITTAPI function not implemented: __itt_task_end_ex
399983 : 0x29c3fafa2517d8 : 2 : ittapi_config_apply_per_lib :  ITTAPI function instrumented: __itt_task_begin_overlapped
399983 : 0x29c3fafa251d2b : 2 : ittapi_config_apply_per_lib :  ITTAPI function not implemented: __itt_task_begin_overlapped_ex
399983 : 0x29c3fafa252314 : 2 : ittapi_config_apply_per_lib :  ITTAPI function instrumented: __itt_task_end_overlapped
399983 : 0x29c3fafa2527d0 : 2 : ittapi_config_apply_per_lib :  ITTAPI function not implemented: __itt_task_end_overlapped_ex
399983 : 0x29c3fafa252cb4 : 2 : ittapi_config_apply_per_lib :  ITTAPI function not implemented: __itt_marker_ex
399983 : 0x29c3fafa2532bb : 2 : ittapi_config_apply_per_lib :  ITTAPI function not implemented: __itt_metadata_add_with_scope
399983 : 0x29c3fafa253782 : 2 : ittapi_config_apply_per_lib :  ITTAPI function not implemented: __itt_metadata_str_add_with_scope
399983 : 0x29c3fafa253ce8 : 2 : ittapi_config_apply_per_lib :  ITTAPI function not implemented: __itt_relation_add_to_current_ex
399983 : 0x29c3fafa254190 : 2 : ittapi_config_apply_per_lib :  ITTAPI function not implemented: __itt_relation_add_ex
399983 : 0x29c3fafa25608f : 2 : ittapi_config_apply_per_lib :  ITTAPI function not implemented: __itt_track_group_create
399983 : 0x29c3fafa256574 : 2 : ittapi_config_apply_per_lib :  ITTAPI function not implemented: __itt_track_create
399983 : 0x29c3fafa256a58 : 2 : ittapi_config_apply_per_lib :  ITTAPI function not implemented: __itt_set_track
399983 : 0x29c3fafa256eec : 2 : ittapi_config_apply_per_lib :  ITTAPI function instrumented: __itt_api_version
399983 : 0x29c3fafa257394 : 2 : ittapi_config_apply_per_lib :  ITTAPI function not implemented: __itt_av_save
399983 : 0x29c3fafa25781e : 2 : ittapi_config_apply_per_lib :  ITTAPI function instrumented: __itt_module_load
399983 : 0x29c3fafb3cd959 : 2 : ittapi_config_mask_get :  --itt-config mask to be applied: 55
399983 : 0x29c3fafb3ce567 : 2 : ittapi_config_apply_per_lib :  ITTAPI function instrumented: __itt_domain_create
399983 : 0x29c3fafb3ceb78 : 2 : ittapi_config_apply_per_lib :  ITTAPI function instrumented: __itt_string_handle_create
399983 : 0x29c3fafb3cf05c : 2 : ittapi_config_apply_per_lib :  ITTAPI function instrumented: __itt_counter_create
399983 : 0x29c3fafb3d2ee6 : 2 : ittapi_config_apply_per_lib :  ITTAPI function instrumented: __itt_counter_create_typed
399983 : 0x29c3fafb3d34b1 : 2 : ittapi_config_apply_per_lib :  ITTAPI function instrumented: __itt_pause
399983 : 0x29c3fafb3d393b : 2 : ittapi_config_apply_per_lib :  ITTAPI function instrumented: __itt_resume
399983 : 0x29c3fafb3d3d9d : 2 : ittapi_config_apply_per_lib :  ITTAPI function instrumented: __itt_thread_set_name
399983 : 0x29c3fafb3d41a5 : 2 : ittapi_config_apply_per_lib :  ITTAPI function instrumented: __itt_thread_ignore
399983 : 0x29c3fafb3d45a3 : 2 : ittapi_config_apply_per_lib :  ITTAPI function instrumented: __itt_thr_name_set
399983 : 0x29c3fafb3d4a23 : 2 : ittapi_config_apply_per_lib :  ITTAPI function instrumented: __itt_thr_ignore
399983 : 0x29c3fafb3d508e : 2 : ittapi_config_apply_per_lib :  ITTAPI function not implemented: __itt_enable_attach
399983 : 0x29c3fafb3d55c3 : 2 : ittapi_config_apply_per_lib :  ITTAPI function instrumented: __itt_detach
399983 : 0x29c3fafb3d5a11 : 2 : ittapi_config_apply_per_lib :  ITTAPI function NOT instrumented (not matched by --itt-config option): __itt_sync_create

399983 : 0x29c3fafb3d7b4b : 2 : ittapi_config_apply_per_lib :  ITTAPI function NOT instrumented (not matched by --itt-config option): __itt_sync_rename

399983 : 0x29c3fafb3d7fd5 : 2 : ittapi_config_apply_per_lib :  ITTAPI function NOT instrumented (not matched by --itt-config option): __itt_sync_destroy

399983 : 0x29c3fafb3d8397 : 2 : ittapi_config_apply_per_lib :  ITTAPI function NOT instrumented (not matched by --itt-config option): __itt_sync_prepare

399983 : 0x29c3fafb3d8709 : 2 : ittapi_config_apply_per_lib :  ITTAPI function NOT instrumented (not matched by --itt-config option): __itt_sync_cancel

399983 : 0x29c3fafb3d8a84 : 2 : ittapi_config_apply_per_lib :  ITTAPI function NOT instrumented (not matched by --itt-config option): __itt_sync_acquired

399983 : 0x29c3fafb3d8e14 : 2 : ittapi_config_apply_per_lib :  ITTAPI function NOT instrumented (not matched by --itt-config option): __itt_sync_releasing

399983 : 0x29c3fafb3d9348 : 2 : ittapi_config_apply_per_lib :  ITTAPI function not implemented: __itt_suppress_push
399983 : 0x29c3fafb3d9909 : 2 : ittapi_config_apply_per_lib :  ITTAPI function not implemented: __itt_suppress_pop
399983 : 0x29c3fafb3d9e0c : 2 : ittapi_config_apply_per_lib :  ITTAPI function not implemented: __itt_suppress_mark_range
399983 : 0x29c3fafb3da39a : 2 : ittapi_config_apply_per_lib :  ITTAPI function not implemented: __itt_suppress_clear_range
399983 : 0x29c3fafb3ddb19 : 2 : ittapi_config_apply_per_lib :  ITTAPI function NOT instrumented (not matched by --itt-config option): __itt_sync_prepare

399983 : 0x29c3fafb3ddf67 : 2 : ittapi_config_apply_per_lib :  ITTAPI function NOT instrumented (not matched by --itt-config option): __itt_sync_cancel

399983 : 0x29c3fafb3de2b1 : 2 : ittapi_config_apply_per_lib :  ITTAPI function NOT instrumented (not matched by --itt-config option): __itt_sync_acquired

399983 : 0x29c3fafb3de65e : 2 : ittapi_config_apply_per_lib :  ITTAPI function NOT instrumented (not matched by --itt-config option): __itt_sync_releasing

399983 : 0x29c3fafb3dea5c : 2 : ittapi_config_apply_per_lib :  ITTAPI function NOT instrumented (not matched by --itt-config option): __itt_model_site_begin

399983 : 0x29c3fafb3dee46 : 2 : ittapi_config_apply_per_lib :  ITTAPI function NOT instrumented (not matched by --itt-config option): __itt_model_site_end

399983 : 0x29c3fafb3df1d6 : 2 : ittapi_config_apply_per_lib :  ITTAPI function NOT instrumented (not matched by --itt-config option): __itt_model_task_begin

399983 : 0x29c3fafb3df551 : 2 : ittapi_config_apply_per_lib :  ITTAPI function NOT instrumented (not matched by --itt-config option): __itt_model_task_end

399983 : 0x29c3fafb3df8ff : 2 : ittapi_config_apply_per_lib :  ITTAPI function NOT instrumented (not matched by --itt-config option): __itt_model_lock_acquire

399983 : 0x29c3fafb3dfcb7 : 2 : ittapi_config_apply_per_lib :  ITTAPI function NOT instrumented (not matched by --itt-config option): __itt_model_lock_release

399983 : 0x29c3fafb3e1e69 : 2 : ittapi_config_apply_per_lib :  ITTAPI function NOT instrumented (not matched by --itt-config option): __itt_model_record_allocation

399983 : 0x29c3fafb3e22f3 : 2 : ittapi_config_apply_per_lib :  ITTAPI function NOT instrumented (not matched by --itt-config option): __itt_model_record_deallocation

399983 : 0x29c3fafb3e2697 : 2 : ittapi_config_apply_per_lib :  ITTAPI function NOT instrumented (not matched by --itt-config option): __itt_model_induction_uses

399983 : 0x29c3fafb3e2a13 : 2 : ittapi_config_apply_per_lib :  ITTAPI function NOT instrumented (not matched by --itt-config option): __itt_model_reduction_uses

399983 : 0x29c3fafb3e2dca : 2 : ittapi_config_apply_per_lib :  ITTAPI function NOT instrumented (not matched by --itt-config option): __itt_model_observe_uses

399983 : 0x29c3fafb3e3164 : 2 : ittapi_config_apply_per_lib :  ITTAPI function NOT instrumented (not matched by --itt-config option): __itt_model_clear_uses

399983 : 0x29c3fafb3e34d6 : 2 : ittapi_config_apply_per_lib :  ITTAPI function NOT instrumented (not matched by --itt-config option): __itt_model_site_beginA

399983 : 0x29c3fafb3e3847 : 2 : ittapi_config_apply_per_lib :  ITTAPI function NOT instrumented (not matched by --itt-config option): __itt_model_site_beginAL

399983 : 0x29c3fafb3e3c27 : 2 : ittapi_config_apply_per_lib :  ITTAPI function NOT instrumented (not matched by --itt-config option): __itt_model_task_beginA

399983 : 0x29c3fafb3e3f67 : 2 : ittapi_config_apply_per_lib :  ITTAPI function NOT instrumented (not matched by --itt-config option): __itt_model_task_beginAL

399983 : 0x29c3fafb3e6c54 : 2 : ittapi_config_apply_per_lib :  ITTAPI function NOT instrumented (not matched by --itt-config option): __itt_model_iteration_taskA

399983 : 0x29c3fafb3e708e : 2 : ittapi_config_apply_per_lib :  ITTAPI function NOT instrumented (not matched by --itt-config option): __itt_model_iteration_taskAL

399983 : 0x29c3fafb3e741e : 2 : ittapi_config_apply_per_lib :  ITTAPI function NOT instrumented (not matched by --itt-config option): __itt_model_site_end_2

399983 : 0x29c3fafb3e7768 : 2 : ittapi_config_apply_per_lib :  ITTAPI function NOT instrumented (not matched by --itt-config option): __itt_model_task_end_2

399983 : 0x29c3fafb3e7aee : 2 : ittapi_config_apply_per_lib :  ITTAPI function NOT instrumented (not matched by --itt-config option): __itt_model_lock_acquire_2

399983 : 0x29c3fafb3e7e87 : 2 : ittapi_config_apply_per_lib :  ITTAPI function NOT instrumented (not matched by --itt-config option): __itt_model_lock_release_2

399983 : 0x29c3fafb3e8235 : 2 : ittapi_config_apply_per_lib :  ITTAPI function NOT instrumented (not matched by --itt-config option): __itt_model_aggregate_task

399983 : 0x29c3fafb3e8588 : 2 : ittapi_config_apply_per_lib :  ITTAPI function NOT instrumented (not matched by --itt-config option): __itt_model_disable_push

399983 : 0x29c3fafb3e88e6 : 2 : ittapi_config_apply_per_lib :  ITTAPI function NOT instrumented (not matched by --itt-config option): __itt_model_disable_pop

399983 : 0x29c3fafb3e8ddf : 2 : ittapi_config_apply_per_lib :  ITTAPI function instrumented: __itt_heap_function_create
399983 : 0x29c3fafb3ead42 : 2 : ittapi_config_apply_per_lib :  ITTAPI function instrumented: __itt_heap_allocate_begin
399983 : 0x29c3fafb3eb2a8 : 2 : ittapi_config_apply_per_lib :  ITTAPI function instrumented: __itt_heap_allocate_end
399983 : 0x29c3fafb3eb73c : 2 : ittapi_config_apply_per_lib :  ITTAPI function instrumented: __itt_heap_free_begin
399983 : 0x29c3fafb3ebbc7 : 2 : ittapi_config_apply_per_lib :  ITTAPI function instrumented: __itt_heap_free_end
399983 : 0x29c3fafb3ec0b5 : 2 : ittapi_config_apply_per_lib :  ITTAPI function instrumented: __itt_heap_reallocate_begin
399983 : 0x29c3fafb3ec4f9 : 2 : ittapi_config_apply_per_lib :  ITTAPI function instrumented: __itt_heap_reallocate_end
399983 : 0x29c3fafb3eca41 : 2 : ittapi_config_apply_per_lib :  ITTAPI function not implemented: __itt_heap_internal_access_begin
399983 : 0x29c3fafb3ecfb2 : 2 : ittapi_config_apply_per_lib :  ITTAPI function not implemented: __itt_heap_internal_access_end
399983 : 0x29c3fafb3ed4bf : 2 : ittapi_config_apply_per_lib :  ITTAPI function not implemented: __itt_heap_record_memory_growth_begin
399983 : 0x29c3fafb3ed9b7 : 2 : ittapi_config_apply_per_lib :  ITTAPI function not implemented: __itt_heap_record_memory_growth_end
399983 : 0x29c3fafb3ef8c0 : 2 : ittapi_config_apply_per_lib :  ITTAPI function not implemented: __itt_heap_reset_detection
399983 : 0x29c3fafb3efea9 : 2 : ittapi_config_apply_per_lib :  ITTAPI function not implemented: __itt_heap_record
399983 : 0x29c3fafb3f03d3 : 2 : ittapi_config_apply_per_lib :  ITTAPI function not implemented: __itt_id_create
399983 : 0x29c3fafb3f08cb : 2 : ittapi_config_apply_per_lib :  ITTAPI function not implemented: __itt_id_destroy
399983 : 0x29c3fafb3f0d4c : 2 : ittapi_config_apply_per_lib :  ITTAPI function instrumented: __itt_get_timestamp
399983 : 0x29c3fafb3f1226 : 2 : ittapi_config_apply_per_lib :  ITTAPI function not implemented: __itt_region_begin
399983 : 0x29c3fafb3f16c4 : 2 : ittapi_config_apply_per_lib :  ITTAPI function not implemented: __itt_region_end
399983 : 0x29c3fafb3f1b58 : 2 : ittapi_config_apply_per_lib :  ITTAPI function instrumented: __itt_frame_begin_v3
399983 : 0x29c3fafb3f1fd9 : 2 : ittapi_config_apply_per_lib :  ITTAPI function instrumented: __itt_frame_end_v3
399983 : 0x29c3fafb3f2431 : 2 : ittapi_config_apply_per_lib :  ITTAPI function instrumented: __itt_frame_submit_v3
399983 : 0x29c3fafb3f51a1 : 2 : ittapi_config_apply_per_lib :  ITTAPI function not implemented: __itt_task_group
399983 : 0x29c3fafb3f56d5 : 2 : ittapi_config_apply_per_lib :  ITTAPI function instrumented: __itt_task_begin
399983 : 0x29c3fafb3f5b55 : 2 : ittapi_config_apply_per_lib :  ITTAPI function instrumented: __itt_task_begin_fn
399983 : 0x29c3fafb3f5fcb : 2 : ittapi_config_apply_per_lib :  ITTAPI function instrumented: __itt_task_end
399983 : 0x29c3fafb3f658c : 2 : ittapi_config_apply_per_lib :  ITTAPI function not implemented: __itt_counter_inc_v3
399983 : 0x29c3fafb3f6adf : 2 : ittapi_config_apply_per_lib :  ITTAPI function not implemented: __itt_counter_inc_delta_v3
399983 : 0x29c3fafb3f6fe1 : 2 : ittapi_config_apply_per_lib :  ITTAPI function not implemented: __itt_counter_dec_v3
399983 : 0x29c3fafb3f74b1 : 2 : ittapi_config_apply_per_lib :  ITTAPI function not implemented: __itt_counter_dec_delta_v3
399983 : 0x29c3fafb3f7982 : 2 : ittapi_config_apply_per_lib :  ITTAPI function not implemented: __itt_marker
399983 : 0x29c3fafb3f7de4 : 2 : ittapi_config_apply_per_lib :  ITTAPI function instrumented: __itt_metadata_add
399983 : 0x29c3fafb3f9d47 : 2 : ittapi_config_apply_per_lib :  ITTAPI function not implemented: __itt_metadata_str_add
399983 : 0x29c3fafb3fa312 : 2 : ittapi_config_apply_per_lib :  ITTAPI function not implemented: __itt_relation_add_to_current
399983 : 0x29c3fafb3fa800 : 2 : ittapi_config_apply_per_lib :  ITTAPI function not implemented: __itt_relation_add
399983 : 0x29c3fafb3fac6c : 2 : ittapi_config_apply_per_lib :  ITTAPI function instrumented: __itt_event_create
399983 : 0x29c3fafb3fb0e2 : 2 : ittapi_config_apply_per_lib :  ITTAPI function instrumented: __itt_event_start
399983 : 0x29c3fafb3fb54e : 2 : ittapi_config_apply_per_lib :  ITTAPI function instrumented: __itt_event_end
399983 : 0x29c3fafb3fb8f2 : 2 : ittapi_config_apply_per_lib :  ITTAPI function NOT instrumented (not matched by --itt-config option): __itt_sync_set_name

399983 : 0x29c3fafb3fbcc8 : 2 : ittapi_config_apply_per_lib :  ITTAPI function NOT instrumented (not matched by --itt-config option): __itt_notify_sync_name

399983 : 0x29c3fafb3fc062 : 2 : ittapi_config_apply_per_lib :  ITTAPI function NOT instrumented (not matched by --itt-config option): __itt_notify_sync_prepare

399983 : 0x29c3fafb3fc3bf : 2 : ittapi_config_apply_per_lib :  ITTAPI function NOT instrumented (not matched by --itt-config option): __itt_notify_sync_cancel

399983 : 0x29c3fafb3fe142 : 2 : ittapi_config_apply_per_lib :  ITTAPI function NOT instrumented (not matched by --itt-config option): __itt_notify_sync_acquired

399983 : 0x29c3fafb3fe5ad : 2 : ittapi_config_apply_per_lib :  ITTAPI function NOT instrumented (not matched by --itt-config option): __itt_notify_sync_releasing

399983 : 0x29c3fafb3fea88 : 2 : ittapi_config_apply_per_lib :  ITTAPI function not implemented: __itt_memory_read
399983 : 0x29c3fafb3fef76 : 2 : ittapi_config_apply_per_lib :  ITTAPI function not implemented: __itt_memory_write
399983 : 0x29c3fafb3ff451 : 2 : ittapi_config_apply_per_lib :  ITTAPI function not implemented: __itt_memory_update
399983 : 0x29c3fafb3ff90d : 2 : ittapi_config_apply_per_lib :  ITTAPI function not implemented: __itt_state_get
399983 : 0x29c3fafb3ffd79 : 2 : ittapi_config_apply_per_lib :  ITTAPI function not implemented: __itt_state_set
399983 : 0x29c3fafb400235 : 2 : ittapi_config_apply_per_lib :  ITTAPI function not implemented: __itt_obj_mode_set
399983 : 0x29c3fafb40072e : 2 : ittapi_config_apply_per_lib :  ITTAPI function not implemented: __itt_thr_mode_set
399983 : 0x29c3fafb400b90 : 2 : ittapi_config_apply_per_lib :  ITTAPI function instrumented: __itt_frame_create
399983 : 0x29c3fafb402980 : 2 : ittapi_config_apply_per_lib :  ITTAPI function instrumented: __itt_pt_region_create
399983 : 0x29c3fafb402e50 : 2 : ittapi_config_apply_per_lib :  ITTAPI function instrumented: __itt_frame_begin
399983 : 0x29c3fafb4032c6 : 2 : ittapi_config_apply_per_lib :  ITTAPI function instrumented: __itt_frame_end
399983 : 0x29c3fafb40380f : 2 : ittapi_config_apply_per_lib :  ITTAPI function not implemented: __itt_counter_destroy
399983 : 0x29c3fafb403d12 : 2 : ittapi_config_apply_per_lib :  ITTAPI function instrumented: __itt_counter_inc
399983 : 0x29c3fafb40419c : 2 : ittapi_config_apply_per_lib :  ITTAPI function instrumented: __itt_counter_inc_delta
399983 : 0x29c3fafb404608 : 2 : ittapi_config_apply_per_lib :  ITTAPI function instrumented: __itt_counter_dec
399983 : 0x29c3fafb404aba : 2 : ittapi_config_apply_per_lib :  ITTAPI function instrumented: __itt_counter_dec_delta
399983 : 0x29c3fafb404ee0 : 2 : ittapi_config_apply_per_lib :  ITTAPI function instrumented: __itt_counter_set_value
399983 : 0x29c3fafb4053c5 : 2 : ittapi_config_apply_per_lib :  ITTAPI function not implemented: __itt_counter_set_value_ex
399983 : 0x29c3fafb4082d9 : 2 : ittapi_config_apply_per_lib :  ITTAPI function not implemented: __itt_mark_create
399983 : 0x29c3fafb40884a : 2 : ittapi_config_apply_per_lib :  ITTAPI function not implemented: __itt_mark
399983 : 0x29c3fafb408d24 : 2 : ittapi_config_apply_per_lib :  ITTAPI function not implemented: __itt_mark_off
399983 : 0x29c3fafb4091fe : 2 : ittapi_config_apply_per_lib :  ITTAPI function not implemented: __itt_mark_global
399983 : 0x29c3fafb4096c5 : 2 : ittapi_config_apply_per_lib :  ITTAPI function not implemented: __itt_mark_global_off
399983 : 0x29c3fafb409c99 : 2 : ittapi_config_apply_per_lib :  ITTAPI function instrumented: __itt_stack_caller_create
399983 : 0x29c3fafb40a16a : 2 : ittapi_config_apply_per_lib :  ITTAPI function instrumented: __itt_stack_caller_destroy
399983 : 0x29c3fafb40a5fe : 2 : ittapi_config_apply_per_lib :  ITTAPI function instrumented: __itt_stack_callee_enter
399983 : 0x29c3fafb40aa7e : 2 : ittapi_config_apply_per_lib :  ITTAPI function instrumented: __itt_stack_callee_leave
399983 : 0x29c3fafb40af6d : 2 : ittapi_config_apply_per_lib :  ITTAPI function not implemented: __itt_clock_domain_create
399983 : 0x29c3fafb40ceed : 2 : ittapi_config_apply_per_lib :  ITTAPI function not implemented: __itt_clock_domain_reset
399983 : 0x29c3fafb40d3f0 : 2 : ittapi_config_apply_per_lib :  ITTAPI function not implemented: __itt_id_create_ex
399983 : 0x29c3fafb40d8ca : 2 : ittapi_config_apply_per_lib :  ITTAPI function not implemented: __itt_id_destroy_ex
399983 : 0x29c3fafb40dd90 : 2 : ittapi_config_apply_per_lib :  ITTAPI function not implemented: __itt_task_begin_ex
399983 : 0x29c3fafb40e275 : 2 : ittapi_config_apply_per_lib :  ITTAPI function not implemented: __itt_task_begin_fn_ex
399983 : 0x29c3fafb40e759 : 2 : ittapi_config_apply_per_lib :  ITTAPI function not implemented: __itt_task_end_ex
399983 : 0x29c3fafb40eba7 : 2 : ittapi_config_apply_per_lib :  ITTAPI function instrumented: __itt_task_begin_overlapped
399983 : 0x29c3fafb40f064 : 2 : ittapi_config_apply_per_lib :  ITTAPI function not implemented: __itt_task_begin_overlapped_ex
399983 : 0x29c3fafb40f516 : 2 : ittapi_config_apply_per_lib :  ITTAPI function instrumented: __itt_task_end_overlapped
399983 : 0x29c3fafb40f9fa : 2 : ittapi_config_apply_per_lib :  ITTAPI function not implemented: __itt_task_end_overlapped_ex
399983 : 0x29c3fafb4119c1 : 2 : ittapi_config_apply_per_lib :  ITTAPI function not implemented: __itt_marker_ex
399983 : 0x29c3fafb411f00 : 2 : ittapi_config_apply_per_lib :  ITTAPI function not implemented: __itt_metadata_add_with_scope
399983 : 0x29c3fafb41240c : 2 : ittapi_config_apply_per_lib :  ITTAPI function not implemented: __itt_metadata_str_add_with_scope
399983 : 0x29c3fafb412991 : 2 : ittapi_config_apply_per_lib :  ITTAPI function not implemented: __itt_relation_add_to_current_ex
399983 : 0x29c3fafb412e43 : 2 : ittapi_config_apply_per_lib :  ITTAPI function not implemented: __itt_relation_add_ex
399983 : 0x29c3fafb413378 : 2 : ittapi_config_apply_per_lib :  ITTAPI function not implemented: __itt_track_group_create
399983 : 0x29c3fafb4137ee : 2 : ittapi_config_apply_per_lib :  ITTAPI function not implemented: __itt_track_create
399983 : 0x29c3fafb413cd2 : 2 : ittapi_config_apply_per_lib :  ITTAPI function not implemented: __itt_set_track
399983 : 0x29c3fafb414116 : 2 : ittapi_config_apply_per_lib :  ITTAPI function instrumented: __itt_api_version
399983 : 0x29c3fafb4145d2 : 2 : ittapi_config_apply_per_lib :  ITTAPI function not implemented: __itt_av_save
399983 : 0x29c3fafb41797b : 2 : ittapi_config_apply_per_lib :  ITTAPI function instrumented: __itt_module_load