35 [23264669728832] INFO perfrun.launcher <> - Launcher main begin
44 [23264669728832] INFO perfrun.launcher <> - MessageCatalogInit finished
44 [23264669728832] INFO perfrun.launcher <> - Launcher instance created
44 [23264669728832] INFO perfrun.launcher <> - argc = 6; cmdline = /cvmfs/hpcsw.umd.edu/spack-software/2022.06.15/linux-rhel8-zen2/intel-2021.4.0/intel-oneapi-vtune-2021.7.1-jhpewnx4fmcu2nob5e5zhkmucympmlpu/vtune/2021.7.1/bin64/amplxe-runss -dump-vdso -r /tmp/amplxe-tmp-borhani/amplxe-res-399978-28748359548893975 --tmp-dir /tmp/amplxe-tmp-borhani 
96 [23264669728832] INFO perfrun.launcher <> - create msngr2::ICliToolContext
96 [23264669728832] INFO perfrun.launcher <> - create file finder object
111 [23264544442112] INFO perfrun.launcher <> - plugin [remoteplug] was disabled because it doesn't support the given collection type.
111 [23264544442112] INFO perfrun.launcher <> - plugin [system] was disabled because it doesn't support the given collection type.
111 [23264544442112] INFO perfrun.vdso <> - dumping [vdso] pseudomodule
114 [23264544442112] INFO perfrun.launcher <> - plugin [itt] was disabled because it doesn't support the given collection type.
114 [23264544442112] INFO perfrun.launcher <> - plugin [ptracecollector] was disabled because it doesn't support the given collection type.
114 [23264544442112] INFO perfrun.launcher <> - plugin [gpu] was disabled because it doesn't support the given collection type.
114 [23264544442112] INFO perfrun.launcher <> - plugin [] was disabled because it doesn't support the given collection type.
114 [23264544442112] INFO perfrun.launcher <> - plugin [] was disabled because it doesn't support the given collection type.
114 [23264544442112] INFO perfrun.launcher <> - plugin [] was disabled because it doesn't support the given collection type.
114 [23264544442112] INFO perfrun.launcher <> - plugin [mrte] was disabled because it doesn't support the given collection type.
114 [23264544442112] INFO perfrun.launcher <> - plugin [emon] was disabled because it doesn't support the given collection type.
114 [23264544442112] INFO perfrun.launcher <> - plugin [cuscol] was disabled because it doesn't support the given collection type.
114 [23264544442112] INFO perfrun.launcher <> - plugin [stdsrc] was disabled because it doesn't support the given collection type.
114 [23264544442112] INFO perfrun.launcher <> - plugin [sep] was disabled because it doesn't support the given collection type.
114 [23264544442112] INFO perfrun.launcher <> - plugin [vtsspp] was disabled because it doesn't support the given collection type.
114 [23264544442112] INFO perfrun.launcher <> - plugin [perf] was disabled because it doesn't support the given collection type.
114 [23264544442112] INFO perfrun.launcher <> - plugin [aoclprofile] was disabled because it doesn't support the given collection type.
114 [23264544442112] INFO perfrun.launcher <> - plugin [tpss] was disabled because it doesn't support the given collection type.
114 [23264544442112] INFO perfrun.launcher <> - plugin [exprof] was disabled because it doesn't support the given collection type.
114 [23264544442112] INFO perfrun.launcher <> - plugin [media] was disabled because it doesn't support the given collection type.
114 [23264544442112] INFO perfrun.launcher <> - plugin [] was disabled because it doesn't support the given collection type.
114 [23264544442112] INFO perfrun.launcher <> - plugin [] was disabled because it doesn't support the given collection type.
114 [23264544442112] INFO perfrun.launcher <> - plugin [parallelfs] was disabled because it doesn't support the given collection type.
114 [23264544442112] INFO perfrun.launcher <> - plugin [power] was disabled because it doesn't support the given collection type.
114 [23264544442112] INFO perfrun.launcher <> - plugin [hwloc] was disabled because it doesn't support the given collection type.
114 [23264544442112] INFO perfrun.launcher <> - plugin [ipmwatch] was disabled because it doesn't support the given collection type.
114 [23264544442112] INFO perfrun.launcher <> - plugin [os_counters] was disabled because it doesn't support the given collection type.
114 [23264669728832] INFO perfrun.launcher <> - Application exit code: 0
114 [23264669728832] INFO perfrun.launcher <> - Exit code: 0
