
3176706 : 0x250a7dc8dee1aa : 1 : spill_jit_data :  Jit agent is not initialized
3176706 : 0x250a7dc8e10f3c : 2 : ittapi_config_mask_get :  --itt-config mask to be applied: 55
3176706 : 0x250a7dc8e1356e : 2 : ittapi_config_apply_per_lib :  ITTAPI function instrumented: __itt_domain_create
3176706 : 0x250a7dc8e143ad : 2 : ittapi_config_apply_per_lib :  ITTAPI function instrumented: __itt_string_handle_create
3176706 : 0x250a7dc8e14ede : 2 : ittapi_config_apply_per_lib :  ITTAPI function instrumented: __itt_counter_create
3176706 : 0x250a7dc8e1587f : 2 : ittapi_config_apply_per_lib :  ITTAPI function instrumented: __itt_counter_create_typed
3176706 : 0x250a7dc8e16324 : 2 : ittapi_config_apply_per_lib :  ITTAPI function instrumented: __itt_pause
3176706 : 0x250a7dc8e16dc9 : 2 : ittapi_config_apply_per_lib :  ITTAPI function instrumented: __itt_resume
3176706 : 0x250a7dc8e1757f : 2 : ittapi_config_apply_per_lib :  ITTAPI function instrumented: __itt_thread_set_name
3176706 : 0x250a7dc8e17cf8 : 2 : ittapi_config_apply_per_lib :  ITTAPI function instrumented: __itt_thread_ignore
3176706 : 0x250a7dc8e2a31e : 2 : ittapi_config_apply_per_lib :  ITTAPI function instrumented: __itt_thr_name_set
3176706 : 0x250a7dc8e2af35 : 2 : ittapi_config_apply_per_lib :  ITTAPI function instrumented: __itt_thr_ignore
3176706 : 0x250a7dc8e2c35d : 2 : ittapi_config_apply_per_lib :  ITTAPI function not implemented: __itt_enable_attach
3176706 : 0x250a7dc8e2d174 : 2 : ittapi_config_apply_per_lib :  ITTAPI function instrumented: __itt_detach
3176706 : 0x250a7dc8e2d9b6 : 2 : ittapi_config_apply_per_lib :  ITTAPI function NOT instrumented (not matched by --itt-config option): __itt_sync_create

3176706 : 0x250a7dc8e2e298 : 2 : ittapi_config_apply_per_lib :  ITTAPI function NOT instrumented (not matched by --itt-config option): __itt_sync_rename

3176706 : 0x250a7dc8e2e971 : 2 : ittapi_config_apply_per_lib :  ITTAPI function NOT instrumented (not matched by --itt-config option): __itt_sync_destroy

3176706 : 0x250a7dc8e2f0ff : 2 : ittapi_config_apply_per_lib :  ITTAPI function NOT instrumented (not matched by --itt-config option): __itt_sync_prepare

3176706 : 0x250a7dc8e2f7a6 : 2 : ittapi_config_apply_per_lib :  ITTAPI function NOT instrumented (not matched by --itt-config option): __itt_sync_cancel

3176706 : 0x250a7dc8e2fdfd : 2 : ittapi_config_apply_per_lib :  ITTAPI function NOT instrumented (not matched by --itt-config option): __itt_sync_acquired

3176706 : 0x250a7dc8e33eb8 : 2 : ittapi_config_apply_per_lib :  ITTAPI function NOT instrumented (not matched by --itt-config option): __itt_sync_releasing

3176706 : 0x250a7dc8e34ab2 : 2 : ittapi_config_apply_per_lib :  ITTAPI function not implemented: __itt_suppress_push
3176706 : 0x250a7dc8e358a1 : 2 : ittapi_config_apply_per_lib :  ITTAPI function not implemented: __itt_suppress_pop
3176706 : 0x250a7dc8e3631e : 2 : ittapi_config_apply_per_lib :  ITTAPI function not implemented: __itt_suppress_mark_range
3176706 : 0x250a7dc8e36cdc : 2 : ittapi_config_apply_per_lib :  ITTAPI function not implemented: __itt_suppress_clear_range
3176706 : 0x250a7dc8e3738e : 2 : ittapi_config_apply_per_lib :  ITTAPI function NOT instrumented (not matched by --itt-config option): __itt_sync_prepare

3176706 : 0x250a7dc8e37aad : 2 : ittapi_config_apply_per_lib :  ITTAPI function NOT instrumented (not matched by --itt-config option): __itt_sync_cancel

3176706 : 0x250a7dc8e380fa : 2 : ittapi_config_apply_per_lib :  ITTAPI function NOT instrumented (not matched by --itt-config option): __itt_sync_acquired

3176706 : 0x250a7dc8e38797 : 2 : ittapi_config_apply_per_lib :  ITTAPI function NOT instrumented (not matched by --itt-config option): __itt_sync_releasing

3176706 : 0x250a7dc8e38e17 : 2 : ittapi_config_apply_per_lib :  ITTAPI function NOT instrumented (not matched by --itt-config option): __itt_model_site_begin

3176706 : 0x250a7dc8e3c88f : 2 : ittapi_config_apply_per_lib :  ITTAPI function NOT instrumented (not matched by --itt-config option): __itt_model_site_end

3176706 : 0x250a7dc8e3d06c : 2 : ittapi_config_apply_per_lib :  ITTAPI function NOT instrumented (not matched by --itt-config option): __itt_model_task_begin

3176706 : 0x250a7dc8e3d73b : 2 : ittapi_config_apply_per_lib :  ITTAPI function NOT instrumented (not matched by --itt-config option): __itt_model_task_end

3176706 : 0x250a7dc8e3ddd9 : 2 : ittapi_config_apply_per_lib :  ITTAPI function NOT instrumented (not matched by --itt-config option): __itt_model_lock_acquire

3176706 : 0x250a7dc8e3e476 : 2 : ittapi_config_apply_per_lib :  ITTAPI function NOT instrumented (not matched by --itt-config option): __itt_model_lock_release

3176706 : 0x250a7dc8e3eb81 : 2 : ittapi_config_apply_per_lib :  ITTAPI function NOT instrumented (not matched by --itt-config option): __itt_model_record_allocation

3176706 : 0x250a7dc8e6e7fc : 2 : ittapi_config_apply_per_lib :  ITTAPI function NOT instrumented (not matched by --itt-config option): __itt_model_record_deallocation

3176706 : 0x250a7dc8e6f41e : 2 : ittapi_config_apply_per_lib :  ITTAPI function NOT instrumented (not matched by --itt-config option): __itt_model_induction_uses

3176706 : 0x250a7dc8e6fb5c : 2 : ittapi_config_apply_per_lib :  ITTAPI function NOT instrumented (not matched by --itt-config option): __itt_model_reduction_uses

3176706 : 0x250a7dc8e70253 : 2 : ittapi_config_apply_per_lib :  ITTAPI function NOT instrumented (not matched by --itt-config option): __itt_model_observe_uses

3176706 : 0x250a7dc8e77924 : 2 : ittapi_config_apply_per_lib :  ITTAPI function NOT instrumented (not matched by --itt-config option): __itt_model_clear_uses

3176706 : 0x250a7dc8e7810c : 2 : ittapi_config_apply_per_lib :  ITTAPI function NOT instrumented (not matched by --itt-config option): __itt_model_site_beginA

3176706 : 0x250a7dc8e78759 : 2 : ittapi_config_apply_per_lib :  ITTAPI function NOT instrumented (not matched by --itt-config option): __itt_model_site_beginAL

3176706 : 0x250a7dc8e78dba : 2 : ittapi_config_apply_per_lib :  ITTAPI function NOT instrumented (not matched by --itt-config option): __itt_model_task_beginA

3176706 : 0x250a7dc8e793fd : 2 : ittapi_config_apply_per_lib :  ITTAPI function NOT instrumented (not matched by --itt-config option): __itt_model_task_beginAL

3176706 : 0x250a7dc8e79a0e : 2 : ittapi_config_apply_per_lib :  ITTAPI function NOT instrumented (not matched by --itt-config option): __itt_model_iteration_taskA

3176706 : 0x250a7dc8e7a065 : 2 : ittapi_config_apply_per_lib :  ITTAPI function NOT instrumented (not matched by --itt-config option): __itt_model_iteration_taskAL

3176706 : 0x250a7dc8e7a6bc : 2 : ittapi_config_apply_per_lib :  ITTAPI function NOT instrumented (not matched by --itt-config option): __itt_model_site_end_2

3176706 : 0x250a7dc8e7ace1 : 2 : ittapi_config_apply_per_lib :  ITTAPI function NOT instrumented (not matched by --itt-config option): __itt_model_task_end_2

3176706 : 0x250a7dc8e7b34c : 2 : ittapi_config_apply_per_lib :  ITTAPI function NOT instrumented (not matched by --itt-config option): __itt_model_lock_acquire_2

3176706 : 0x250a7dc8e7eafd : 2 : ittapi_config_apply_per_lib :  ITTAPI function NOT instrumented (not matched by --itt-config option): __itt_model_lock_release_2

3176706 : 0x250a7dc8e7f28b : 2 : ittapi_config_apply_per_lib :  ITTAPI function NOT instrumented (not matched by --itt-config option): __itt_model_aggregate_task

3176706 : 0x250a7dc8e7f8e2 : 2 : ittapi_config_apply_per_lib :  ITTAPI function NOT instrumented (not matched by --itt-config option): __itt_model_disable_push

3176706 : 0x250a7dc8e7fefd : 2 : ittapi_config_apply_per_lib :  ITTAPI function NOT instrumented (not matched by --itt-config option): __itt_model_disable_pop

3176706 : 0x250a7dc8e84550 : 2 : ittapi_config_apply_per_lib :  ITTAPI function instrumented: __itt_heap_function_create
3176706 : 0x250a7dc8e85013 : 2 : ittapi_config_apply_per_lib :  ITTAPI function instrumented: __itt_heap_allocate_begin
3176706 : 0x250a7dc8e8590a : 2 : ittapi_config_apply_per_lib :  ITTAPI function instrumented: __itt_heap_allocate_end
3176706 : 0x250a7dc8e86110 : 2 : ittapi_config_apply_per_lib :  ITTAPI function instrumented: __itt_heap_free_begin
3176706 : 0x250a7dc8e8687f : 2 : ittapi_config_apply_per_lib :  ITTAPI function instrumented: __itt_heap_free_end
3176706 : 0x250a7dc8e8705d : 2 : ittapi_config_apply_per_lib :  ITTAPI function instrumented: __itt_heap_reallocate_begin
3176706 : 0x250a7dc8e8d284 : 2 : ittapi_config_apply_per_lib :  ITTAPI function instrumented: __itt_heap_reallocate_end
3176706 : 0x250a7dc8e8dea6 : 2 : ittapi_config_apply_per_lib :  ITTAPI function not implemented: __itt_heap_internal_access_begin
3176706 : 0x250a7dc8e8e8fb : 2 : ittapi_config_apply_per_lib :  ITTAPI function not implemented: __itt_heap_internal_access_end
3176706 : 0x250a7dc8e8f4c3 : 2 : ittapi_config_apply_per_lib :  ITTAPI function not implemented: __itt_heap_record_memory_growth_begin
3176706 : 0x250a7dc8e8fe45 : 2 : ittapi_config_apply_per_lib :  ITTAPI function not implemented: __itt_heap_record_memory_growth_end
3176706 : 0x250a7dc8e907dc : 2 : ittapi_config_apply_per_lib :  ITTAPI function not implemented: __itt_heap_reset_detection
3176706 : 0x250a7dc8e912c7 : 2 : ittapi_config_apply_per_lib :  ITTAPI function not implemented: __itt_heap_record
3176706 : 0x250a7dc8e91c2b : 2 : ittapi_config_apply_per_lib :  ITTAPI function not implemented: __itt_id_create
3176706 : 0x250a7dc8e92753 : 2 : ittapi_config_apply_per_lib :  ITTAPI function not implemented: __itt_id_destroy
3176706 : 0x250a7dc8e93144 : 2 : ittapi_config_apply_per_lib :  ITTAPI function instrumented: __itt_get_timestamp
3176706 : 0x250a7dc8e969d1 : 2 : ittapi_config_apply_per_lib :  ITTAPI function not implemented: __itt_region_begin
3176706 : 0x250a7dc8e973b8 : 2 : ittapi_config_apply_per_lib :  ITTAPI function not implemented: __itt_region_end
3176706 : 0x250a7dc8e97cb8 : 2 : ittapi_config_apply_per_lib :  ITTAPI function instrumented: __itt_frame_begin_v3
3176706 : 0x250a7dc8e98568 : 2 : ittapi_config_apply_per_lib :  ITTAPI function instrumented: __itt_frame_end_v3
3176706 : 0x250a7dc8e98dc8 : 2 : ittapi_config_apply_per_lib :  ITTAPI function instrumented: __itt_frame_submit_v3
3176706 : 0x250a7dc8e99755 : 2 : ittapi_config_apply_per_lib :  ITTAPI function not implemented: __itt_task_group
3176706 : 0x250a7dc8e9a18b : 2 : ittapi_config_apply_per_lib :  ITTAPI function instrumented: __itt_task_begin
3176706 : 0x250a7dc8e9a95f : 2 : ittapi_config_apply_per_lib :  ITTAPI function instrumented: __itt_task_begin_fn
3176706 : 0x250a7dc8e9b18d : 2 : ittapi_config_apply_per_lib :  ITTAPI function instrumented: __itt_task_end
3176706 : 0x250a7dc8e9bb10 : 2 : ittapi_config_apply_per_lib :  ITTAPI function not implemented: __itt_counter_inc_v3
3176706 : 0x250a7dc8e9f415 : 2 : ittapi_config_apply_per_lib :  ITTAPI function not implemented: __itt_counter_inc_delta_v3
3176706 : 0x250a7dc8e9fe06 : 2 : ittapi_config_apply_per_lib :  ITTAPI function not implemented: __itt_counter_dec_v3
3176706 : 0x250a7dc8ea072e : 2 : ittapi_config_apply_per_lib :  ITTAPI function not implemented: __itt_counter_dec_delta_v3
3176706 : 0x250a7dc8ea0fd4 : 2 : ittapi_config_apply_per_lib :  ITTAPI function not implemented: __itt_marker
3176706 : 0x250a7dc8ea1957 : 2 : ittapi_config_apply_per_lib :  ITTAPI function instrumented: __itt_metadata_add
3176706 : 0x250a7dc8ea224d : 2 : ittapi_config_apply_per_lib :  ITTAPI function not implemented: __itt_metadata_str_add
3176706 : 0x250a7dc8ea2b8a : 2 : ittapi_config_apply_per_lib :  ITTAPI function not implemented: __itt_relation_add_to_current
3176706 : 0x250a7dc8ea3480 : 2 : ittapi_config_apply_per_lib :  ITTAPI function not implemented: __itt_relation_add
3176706 : 0x250a7dc8ea3db2 : 2 : ittapi_config_apply_per_lib :  ITTAPI function instrumented: __itt_event_create
3176706 : 0x250a7dc8ea4659 : 2 : ittapi_config_apply_per_lib :  ITTAPI function instrumented: __itt_event_start
3176706 : 0x250a7dc8ea7c50 : 2 : ittapi_config_apply_per_lib :  ITTAPI function instrumented: __itt_event_end
3176706 : 0x250a7dc8ea844c : 2 : ittapi_config_apply_per_lib :  ITTAPI function NOT instrumented (not matched by --itt-config option): __itt_sync_set_name

3176706 : 0x250a7dc8ea8b9e : 2 : ittapi_config_apply_per_lib :  ITTAPI function NOT instrumented (not matched by --itt-config option): __itt_notify_sync_name

3176706 : 0x250a7dc8ea92d1 : 2 : ittapi_config_apply_per_lib :  ITTAPI function NOT instrumented (not matched by --itt-config option): __itt_notify_sync_prepare

3176706 : 0x250a7dc8ea99fb : 2 : ittapi_config_apply_per_lib :  ITTAPI function NOT instrumented (not matched by --itt-config option): __itt_notify_sync_cancel

3176706 : 0x250a7dc8eaa0ac : 2 : ittapi_config_apply_per_lib :  ITTAPI function NOT instrumented (not matched by --itt-config option): __itt_notify_sync_acquired

3176706 : 0x250a7dc8eaa749 : 2 : ittapi_config_apply_per_lib :  ITTAPI function NOT instrumented (not matched by --itt-config option): __itt_notify_sync_releasing

3176706 : 0x250a7dc8eaafdb : 2 : ittapi_config_apply_per_lib :  ITTAPI function not implemented: __itt_memory_read
3176706 : 0x250a7dc8eab8a9 : 2 : ittapi_config_apply_per_lib :  ITTAPI function not implemented: __itt_memory_write
3176706 : 0x250a7dc8eac0f5 : 2 : ittapi_config_apply_per_lib :  ITTAPI function not implemented: __itt_memory_update
3176706 : 0x250a7dc8eb141f : 2 : ittapi_config_apply_per_lib :  ITTAPI function not implemented: __itt_state_get
3176706 : 0x250a7dc8eb1d84 : 2 : ittapi_config_apply_per_lib :  ITTAPI function not implemented: __itt_state_set
3176706 : 0x250a7dc8eb267a : 2 : ittapi_config_apply_per_lib :  ITTAPI function not implemented: __itt_obj_mode_set
3176706 : 0x250a7dc8eb2fdf : 2 : ittapi_config_apply_per_lib :  ITTAPI function not implemented: __itt_thr_mode_set
3176706 : 0x250a7dc8eb3835 : 2 : ittapi_config_apply_per_lib :  ITTAPI function instrumented: __itt_frame_create
3176706 : 0x250a7dc8eb4185 : 2 : ittapi_config_apply_per_lib :  ITTAPI function instrumented: __itt_pt_region_create
3176706 : 0x250a7dc8eb4959 : 2 : ittapi_config_apply_per_lib :  ITTAPI function instrumented: __itt_frame_begin
3176706 : 0x250a7dc8eb517d : 2 : ittapi_config_apply_per_lib :  ITTAPI function instrumented: __itt_frame_end
3176706 : 0x250a7dc8eb5b1e : 2 : ittapi_config_apply_per_lib :  ITTAPI function not implemented: __itt_counter_destroy
3176706 : 0x250a7dc8eb64aa : 2 : ittapi_config_apply_per_lib :  ITTAPI function instrumented: __itt_counter_inc
3176706 : 0x250a7dc8eb9c33 : 2 : ittapi_config_apply_per_lib :  ITTAPI function instrumented: __itt_counter_inc_delta
3176706 : 0x250a7dc8eba4a7 : 2 : ittapi_config_apply_per_lib :  ITTAPI function instrumented: __itt_counter_dec
3176706 : 0x250a7dc8ebaccb : 2 : ittapi_config_apply_per_lib :  ITTAPI function instrumented: __itt_counter_dec_delta
3176706 : 0x250a7dc8ebb503 : 2 : ittapi_config_apply_per_lib :  ITTAPI function instrumented: __itt_counter_set_value
3176706 : 0x250a7dc8ebbdb3 : 2 : ittapi_config_apply_per_lib :  ITTAPI function not implemented: __itt_counter_set_value_ex
3176706 : 0x250a7dc8ebc61d : 2 : ittapi_config_apply_per_lib :  ITTAPI function not implemented: __itt_mark_create
3176706 : 0x250a7dc8ebcfaa : 2 : ittapi_config_apply_per_lib :  ITTAPI function not implemented: __itt_mark
3176706 : 0x250a7dc8ebd95e : 2 : ittapi_config_apply_per_lib :  ITTAPI function not implemented: __itt_mark_off
3176706 : 0x250a7dc8ebe22c : 2 : ittapi_config_apply_per_lib :  ITTAPI function not implemented: __itt_mark_global
3176706 : 0x250a7dc8ebeaf0 : 2 : ittapi_config_apply_per_lib :  ITTAPI function not implemented: __itt_mark_global_off
3176706 : 0x250a7dc8ec239c : 2 : ittapi_config_apply_per_lib :  ITTAPI function instrumented: __itt_stack_caller_create
3176706 : 0x250a7dc8ec2cf6 : 2 : ittapi_config_apply_per_lib :  ITTAPI function instrumented: __itt_stack_caller_destroy
3176706 : 0x250a7dc8ec35b0 : 2 : ittapi_config_apply_per_lib :  ITTAPI function instrumented: __itt_stack_callee_enter
3176706 : 0x250a7dc8ec3e07 : 2 : ittapi_config_apply_per_lib :  ITTAPI function instrumented: __itt_stack_callee_leave
3176706 : 0x250a7dc8ec476b : 2 : ittapi_config_apply_per_lib :  ITTAPI function not implemented: __itt_clock_domain_create
3176706 : 0x250a7dc8ec50d9 : 2 : ittapi_config_apply_per_lib :  ITTAPI function not implemented: __itt_clock_domain_reset
3176706 : 0x250a7dc8ec5976 : 2 : ittapi_config_apply_per_lib :  ITTAPI function not implemented: __itt_id_create_ex
3176706 : 0x250a7dc8ec626c : 2 : ittapi_config_apply_per_lib :  ITTAPI function not implemented: __itt_id_destroy_ex
3176706 : 0x250a7dc8ec6b1c : 2 : ittapi_config_apply_per_lib :  ITTAPI function not implemented: __itt_task_begin_ex
3176706 : 0x250a7dc8ec7412 : 2 : ittapi_config_apply_per_lib :  ITTAPI function not implemented: __itt_task_begin_fn_ex
3176706 : 0x250a7dc8ecc84b : 2 : ittapi_config_apply_per_lib :  ITTAPI function not implemented: __itt_task_end_ex
3176706 : 0x250a7dc8ecd1b9 : 2 : ittapi_config_apply_per_lib :  ITTAPI function instrumented: __itt_task_begin_overlapped
3176706 : 0x250a7dc8ecdb1e : 2 : ittapi_config_apply_per_lib :  ITTAPI function not implemented: __itt_task_begin_overlapped_ex
3176706 : 0x250a7dc8ece40a : 2 : ittapi_config_apply_per_lib :  ITTAPI function instrumented: __itt_task_end_overlapped
3176706 : 0x250a7dc8ececb0 : 2 : ittapi_config_apply_per_lib :  ITTAPI function not implemented: __itt_task_end_overlapped_ex
3176706 : 0x250a7dc8ecf56b : 2 : ittapi_config_apply_per_lib :  ITTAPI function not implemented: __itt_marker_ex
3176706 : 0x250a7dc8ecfe6b : 2 : ittapi_config_apply_per_lib :  ITTAPI function not implemented: __itt_metadata_add_with_scope
3176706 : 0x250a7dc8ed0757 : 2 : ittapi_config_apply_per_lib :  ITTAPI function not implemented: __itt_metadata_str_add_with_scope
3176706 : 0x250a7dc8ed1102 : 2 : ittapi_config_apply_per_lib :  ITTAPI function not implemented: __itt_relation_add_to_current_ex
3176706 : 0x250a7dc8ed19da : 2 : ittapi_config_apply_per_lib :  ITTAPI function not implemented: __itt_relation_add_ex
3176706 : 0x250a7dc8ed5217 : 2 : ittapi_config_apply_per_lib :  ITTAPI function not implemented: __itt_track_group_create
3176706 : 0x250a7dc8ed5b7c : 2 : ittapi_config_apply_per_lib :  ITTAPI function not implemented: __itt_track_create
3176706 : 0x250a7dc8ed6490 : 2 : ittapi_config_apply_per_lib :  ITTAPI function not implemented: __itt_set_track
3176706 : 0x250a7dc8ed6d36 : 2 : ittapi_config_apply_per_lib :  ITTAPI function instrumented: __itt_api_version
3176706 : 0x250a7dc8ed7582 : 2 : ittapi_config_apply_per_lib :  ITTAPI function not implemented: __itt_av_save
3176706 : 0x250a7dc8ed7dce : 2 : ittapi_config_apply_per_lib :  ITTAPI function instrumented: __itt_module_load
3176706 : 0x250a7dcbedfcf2 : 2 : ittapi_config_mask_get :  --itt-config mask to be applied: 55
3176706 : 0x250a7dcbee090a : 2 : ittapi_config_apply_per_lib :  ITTAPI function instrumented: __itt_domain_create
3176706 : 0x250a7dcbee0f25 : 2 : ittapi_config_apply_per_lib :  ITTAPI function instrumented: __itt_string_handle_create
3176706 : 0x250a7dcbee143b : 2 : ittapi_config_apply_per_lib :  ITTAPI function instrumented: __itt_counter_create
3176706 : 0x250a7dcbee4f2c : 2 : ittapi_config_apply_per_lib :  ITTAPI function instrumented: __itt_counter_create_typed
3176706 : 0x250a7dcbee54d8 : 2 : ittapi_config_apply_per_lib :  ITTAPI function instrumented: __itt_pause
3176706 : 0x250a7dcbee5962 : 2 : ittapi_config_apply_per_lib :  ITTAPI function instrumented: __itt_resume
3176706 : 0x250a7dcbee5dd9 : 2 : ittapi_config_apply_per_lib :  ITTAPI function instrumented: __itt_thread_set_name
3176706 : 0x250a7dcbee61ff : 2 : ittapi_config_apply_per_lib :  ITTAPI function instrumented: __itt_thread_ignore
3176706 : 0x250a7dcbee6607 : 2 : ittapi_config_apply_per_lib :  ITTAPI function instrumented: __itt_thr_name_set
3176706 : 0x250a7dcbee6aa5 : 2 : ittapi_config_apply_per_lib :  ITTAPI function instrumented: __itt_thr_ignore
3176706 : 0x250a7dcbee70e8 : 2 : ittapi_config_apply_per_lib :  ITTAPI function not implemented: __itt_enable_attach
3176706 : 0x250a7dcbee75c2 : 2 : ittapi_config_apply_per_lib :  ITTAPI function instrumented: __itt_detach
3176706 : 0x250a7dcbee7a06 : 2 : ittapi_config_apply_per_lib :  ITTAPI function NOT instrumented (not matched by --itt-config option): __itt_sync_create

3176706 : 0x250a7dcbee9ac8 : 2 : ittapi_config_apply_per_lib :  ITTAPI function NOT instrumented (not matched by --itt-config option): __itt_sync_rename

3176706 : 0x250a7dcbee9f16 : 2 : ittapi_config_apply_per_lib :  ITTAPI function NOT instrumented (not matched by --itt-config option): __itt_sync_destroy

3176706 : 0x250a7dcbeea2ba : 2 : ittapi_config_apply_per_lib :  ITTAPI function NOT instrumented (not matched by --itt-config option): __itt_sync_prepare

3176706 : 0x250a7dcbeea636 : 2 : ittapi_config_apply_per_lib :  ITTAPI function NOT instrumented (not matched by --itt-config option): __itt_sync_cancel

3176706 : 0x250a7dcbeea99d : 2 : ittapi_config_apply_per_lib :  ITTAPI function NOT instrumented (not matched by --itt-config option): __itt_sync_acquired

3176706 : 0x250a7dcbeead37 : 2 : ittapi_config_apply_per_lib :  ITTAPI function NOT instrumented (not matched by --itt-config option): __itt_sync_releasing

3176706 : 0x250a7dcbeeb29d : 2 : ittapi_config_apply_per_lib :  ITTAPI function not implemented: __itt_suppress_push
3176706 : 0x250a7dcbeeb89a : 2 : ittapi_config_apply_per_lib :  ITTAPI function not implemented: __itt_suppress_pop
3176706 : 0x250a7dcbeebd9d : 2 : ittapi_config_apply_per_lib :  ITTAPI function not implemented: __itt_suppress_mark_range
3176706 : 0x250a7dcbeec32b : 2 : ittapi_config_apply_per_lib :  ITTAPI function not implemented: __itt_suppress_clear_range
3176706 : 0x250a7dcbeef648 : 2 : ittapi_config_apply_per_lib :  ITTAPI function NOT instrumented (not matched by --itt-config option): __itt_sync_prepare

3176706 : 0x250a7dcbeefa8c : 2 : ittapi_config_apply_per_lib :  ITTAPI function NOT instrumented (not matched by --itt-config option): __itt_sync_cancel

3176706 : 0x250a7dcbeefdd5 : 2 : ittapi_config_apply_per_lib :  ITTAPI function NOT instrumented (not matched by --itt-config option): __itt_sync_acquired

3176706 : 0x250a7dcbef0165 : 2 : ittapi_config_apply_per_lib :  ITTAPI function NOT instrumented (not matched by --itt-config option): __itt_sync_releasing

3176706 : 0x250a7dcbef0577 : 2 : ittapi_config_apply_per_lib :  ITTAPI function NOT instrumented (not matched by --itt-config option): __itt_model_site_begin

3176706 : 0x250a7dcbef0939 : 2 : ittapi_config_apply_per_lib :  ITTAPI function NOT instrumented (not matched by --itt-config option): __itt_model_site_end

3176706 : 0x250a7dcbef0ce7 : 2 : ittapi_config_apply_per_lib :  ITTAPI function NOT instrumented (not matched by --itt-config option): __itt_model_task_begin

3176706 : 0x250a7dcbef1062 : 2 : ittapi_config_apply_per_lib :  ITTAPI function NOT instrumented (not matched by --itt-config option): __itt_model_task_end

3176706 : 0x250a7dcbef141a : 2 : ittapi_config_apply_per_lib :  ITTAPI function NOT instrumented (not matched by --itt-config option): __itt_model_lock_acquire

3176706 : 0x250a7dcbef17dc : 2 : ittapi_config_apply_per_lib :  ITTAPI function NOT instrumented (not matched by --itt-config option): __itt_model_lock_release

3176706 : 0x250a7dcbef35cc : 2 : ittapi_config_apply_per_lib :  ITTAPI function NOT instrumented (not matched by --itt-config option): __itt_model_record_allocation

3176706 : 0x250a7dcbef3a1a : 2 : ittapi_config_apply_per_lib :  ITTAPI function NOT instrumented (not matched by --itt-config option): __itt_model_record_deallocation

3176706 : 0x250a7dcbef3db4 : 2 : ittapi_config_apply_per_lib :  ITTAPI function NOT instrumented (not matched by --itt-config option): __itt_model_induction_uses

3176706 : 0x250a7dcbef4108 : 2 : ittapi_config_apply_per_lib :  ITTAPI function NOT instrumented (not matched by --itt-config option): __itt_model_reduction_uses

3176706 : 0x250a7dcbef44ca : 2 : ittapi_config_apply_per_lib :  ITTAPI function NOT instrumented (not matched by --itt-config option): __itt_model_observe_uses

3176706 : 0x250a7dcbef484f : 2 : ittapi_config_apply_per_lib :  ITTAPI function NOT instrumented (not matched by --itt-config option): __itt_model_clear_uses

3176706 : 0x250a7dcbef4bad : 2 : ittapi_config_apply_per_lib :  ITTAPI function NOT instrumented (not matched by --itt-config option): __itt_model_site_beginA

3176706 : 0x250a7dcbef4f28 : 2 : ittapi_config_apply_per_lib :  ITTAPI function NOT instrumented (not matched by --itt-config option): __itt_model_site_beginAL

3176706 : 0x250a7dcbef52e0 : 2 : ittapi_config_apply_per_lib :  ITTAPI function NOT instrumented (not matched by --itt-config option): __itt_model_task_beginA

3176706 : 0x250a7dcbef5620 : 2 : ittapi_config_apply_per_lib :  ITTAPI function NOT instrumented (not matched by --itt-config option): __itt_model_task_beginAL

3176706 : 0x250a7dcbef817d : 2 : ittapi_config_apply_per_lib :  ITTAPI function NOT instrumented (not matched by --itt-config option): __itt_model_iteration_taskA

3176706 : 0x250a7dcbef8585 : 2 : ittapi_config_apply_per_lib :  ITTAPI function NOT instrumented (not matched by --itt-config option): __itt_model_iteration_taskAL

3176706 : 0x250a7dcbef890a : 2 : ittapi_config_apply_per_lib :  ITTAPI function NOT instrumented (not matched by --itt-config option): __itt_model_site_end_2

3176706 : 0x250a7dcbef8c68 : 2 : ittapi_config_apply_per_lib :  ITTAPI function NOT instrumented (not matched by --itt-config option): __itt_model_task_end_2

3176706 : 0x250a7dcbef8fe4 : 2 : ittapi_config_apply_per_lib :  ITTAPI function NOT instrumented (not matched by --itt-config option): __itt_model_lock_acquire_2

3176706 : 0x250a7dcbef93a5 : 2 : ittapi_config_apply_per_lib :  ITTAPI function NOT instrumented (not matched by --itt-config option): __itt_model_lock_release_2

3176706 : 0x250a7dcbef9771 : 2 : ittapi_config_apply_per_lib :  ITTAPI function NOT instrumented (not matched by --itt-config option): __itt_model_aggregate_task

3176706 : 0x250a7dcbef9abb : 2 : ittapi_config_apply_per_lib :  ITTAPI function NOT instrumented (not matched by --itt-config option): __itt_model_disable_push

3176706 : 0x250a7dcbef9e22 : 2 : ittapi_config_apply_per_lib :  ITTAPI function NOT instrumented (not matched by --itt-config option): __itt_model_disable_pop

3176706 : 0x250a7dcbefa2d5 : 2 : ittapi_config_apply_per_lib :  ITTAPI function instrumented: __itt_heap_function_create
3176706 : 0x250a7dcbefc21a : 2 : ittapi_config_apply_per_lib :  ITTAPI function instrumented: __itt_heap_allocate_begin
3176706 : 0x250a7dcbefc79e : 2 : ittapi_config_apply_per_lib :  ITTAPI function instrumented: __itt_heap_allocate_end
3176706 : 0x250a7dcbefcc0b : 2 : ittapi_config_apply_per_lib :  ITTAPI function instrumented: __itt_heap_free_begin
3176706 : 0x250a7dcbefd077 : 2 : ittapi_config_apply_per_lib :  ITTAPI function instrumented: __itt_heap_free_end
3176706 : 0x250a7dcbefd529 : 2 : ittapi_config_apply_per_lib :  ITTAPI function instrumented: __itt_heap_reallocate_begin
3176706 : 0x250a7dcbefd977 : 2 : ittapi_config_apply_per_lib :  ITTAPI function instrumented: __itt_heap_reallocate_end
3176706 : 0x250a7dcbefdf2e : 2 : ittapi_config_apply_per_lib :  ITTAPI function not implemented: __itt_heap_internal_access_begin
3176706 : 0x250a7dcbefe4bc : 2 : ittapi_config_apply_per_lib :  ITTAPI function not implemented: __itt_heap_internal_access_end
3176706 : 0x250a7dcbefe9bf : 2 : ittapi_config_apply_per_lib :  ITTAPI function not implemented: __itt_heap_record_memory_growth_begin
3176706 : 0x250a7dcbefeec1 : 2 : ittapi_config_apply_per_lib :  ITTAPI function not implemented: __itt_heap_record_memory_growth_end
3176706 : 0x250a7dcbf00da2 : 2 : ittapi_config_apply_per_lib :  ITTAPI function not implemented: __itt_heap_reset_detection
3176706 : 0x250a7dcbf0138b : 2 : ittapi_config_apply_per_lib :  ITTAPI function not implemented: __itt_heap_record
3176706 : 0x250a7dcbf018e8 : 2 : ittapi_config_apply_per_lib :  ITTAPI function not implemented: __itt_id_create
3176706 : 0x250a7dcbf01e1c : 2 : ittapi_config_apply_per_lib :  ITTAPI function not implemented: __itt_id_destroy
3176706 : 0x250a7dcbf022a6 : 2 : ittapi_config_apply_per_lib :  ITTAPI function instrumented: __itt_get_timestamp
3176706 : 0x250a7dcbf0274e : 2 : ittapi_config_apply_per_lib :  ITTAPI function not implemented: __itt_region_begin
3176706 : 0x250a7dcbf02bd9 : 2 : ittapi_config_apply_per_lib :  ITTAPI function not implemented: __itt_region_end
3176706 : 0x250a7dcbf0308b : 2 : ittapi_config_apply_per_lib :  ITTAPI function instrumented: __itt_frame_begin_v3
3176706 : 0x250a7dcbf0350b : 2 : ittapi_config_apply_per_lib :  ITTAPI function instrumented: __itt_frame_end_v3
3176706 : 0x250a7dcbf0394f : 2 : ittapi_config_apply_per_lib :  ITTAPI function instrumented: __itt_frame_submit_v3
3176706 : 0x250a7dcbf065ed : 2 : ittapi_config_apply_per_lib :  ITTAPI function not implemented: __itt_task_group
3176706 : 0x250a7dcbf06b17 : 2 : ittapi_config_apply_per_lib :  ITTAPI function instrumented: __itt_task_begin
3176706 : 0x250a7dcbf06fa1 : 2 : ittapi_config_apply_per_lib :  ITTAPI function instrumented: __itt_task_begin_fn
3176706 : 0x250a7dcbf07403 : 2 : ittapi_config_apply_per_lib :  ITTAPI function instrumented: __itt_task_end
3176706 : 0x250a7dcbf07974 : 2 : ittapi_config_apply_per_lib :  ITTAPI function not implemented: __itt_counter_inc_v3
3176706 : 0x250a7dcbf07ea8 : 2 : ittapi_config_apply_per_lib :  ITTAPI function not implemented: __itt_counter_inc_delta_v3
3176706 : 0x250a7dcbf083c9 : 2 : ittapi_config_apply_per_lib :  ITTAPI function not implemented: __itt_counter_dec_v3
3176706 : 0x250a7dcbf08885 : 2 : ittapi_config_apply_per_lib :  ITTAPI function not implemented: __itt_counter_dec_delta_v3
3176706 : 0x250a7dcbf08d74 : 2 : ittapi_config_apply_per_lib :  ITTAPI function not implemented: __itt_marker
3176706 : 0x250a7dcbf091d6 : 2 : ittapi_config_apply_per_lib :  ITTAPI function instrumented: __itt_metadata_add
3176706 : 0x250a7dcbf0b0ca : 2 : ittapi_config_apply_per_lib :  ITTAPI function not implemented: __itt_metadata_str_add
3176706 : 0x250a7dcbf0b681 : 2 : ittapi_config_apply_per_lib :  ITTAPI function not implemented: __itt_relation_add_to_current
3176706 : 0x250a7dcbf0bb5b : 2 : ittapi_config_apply_per_lib :  ITTAPI function not implemented: __itt_relation_add
3176706 : 0x250a7dcbf0bfa9 : 2 : ittapi_config_apply_per_lib :  ITTAPI function instrumented: __itt_event_create
3176706 : 0x250a7dcbf0c42a : 2 : ittapi_config_apply_per_lib :  ITTAPI function instrumented: __itt_event_start
3176706 : 0x250a7dcbf0c86e : 2 : ittapi_config_apply_per_lib :  ITTAPI function instrumented: __itt_event_end
3176706 : 0x250a7dcbf0cc3a : 2 : ittapi_config_apply_per_lib :  ITTAPI function NOT instrumented (not matched by --itt-config option): __itt_sync_set_name

3176706 : 0x250a7dcbf0d024 : 2 : ittapi_config_apply_per_lib :  ITTAPI function NOT instrumented (not matched by --itt-config option): __itt_notify_sync_name

3176706 : 0x250a7dcbf0d3d1 : 2 : ittapi_config_apply_per_lib :  ITTAPI function NOT instrumented (not matched by --itt-config option): __itt_notify_sync_prepare

3176706 : 0x250a7dcbf0d739 : 2 : ittapi_config_apply_per_lib :  ITTAPI function NOT instrumented (not matched by --itt-config option): __itt_notify_sync_cancel

3176706 : 0x250a7dcbf0f3df : 2 : ittapi_config_apply_per_lib :  ITTAPI function NOT instrumented (not matched by --itt-config option): __itt_notify_sync_acquired

3176706 : 0x250a7dcbf0f805 : 2 : ittapi_config_apply_per_lib :  ITTAPI function NOT instrumented (not matched by --itt-config option): __itt_notify_sync_releasing

3176706 : 0x250a7dcbf0fccb : 2 : ittapi_config_apply_per_lib :  ITTAPI function not implemented: __itt_memory_read
3176706 : 0x250a7dcbf101b9 : 2 : ittapi_config_apply_per_lib :  ITTAPI function not implemented: __itt_memory_write
3176706 : 0x250a7dcbf1067f : 2 : ittapi_config_apply_per_lib :  ITTAPI function not implemented: __itt_memory_update
3176706 : 0x250a7dcbf10b64 : 2 : ittapi_config_apply_per_lib :  ITTAPI function not implemented: __itt_state_get
3176706 : 0x250a7dcbf10fda : 2 : ittapi_config_apply_per_lib :  ITTAPI function not implemented: __itt_state_set
3176706 : 0x250a7dcbf114a0 : 2 : ittapi_config_apply_per_lib :  ITTAPI function not implemented: __itt_obj_mode_set
3176706 : 0x250a7dcbf119cb : 2 : ittapi_config_apply_per_lib :  ITTAPI function not implemented: __itt_thr_mode_set
3176706 : 0x250a7dcbf11e41 : 2 : ittapi_config_apply_per_lib :  ITTAPI function instrumented: __itt_frame_create
3176706 : 0x250a7dcbf14afc : 2 : ittapi_config_apply_per_lib :  ITTAPI function instrumented: __itt_pt_region_create
3176706 : 0x250a7dcbf15013 : 2 : ittapi_config_apply_per_lib :  ITTAPI function instrumented: __itt_frame_begin
3176706 : 0x250a7dcbf1544d : 2 : ittapi_config_apply_per_lib :  ITTAPI function instrumented: __itt_frame_end
3176706 : 0x250a7dcbf159c7 : 2 : ittapi_config_apply_per_lib :  ITTAPI function not implemented: __itt_counter_destroy
3176706 : 0x250a7dcbf15eca : 2 : ittapi_config_apply_per_lib :  ITTAPI function instrumented: __itt_counter_inc
3176706 : 0x250a7dcbf16368 : 2 : ittapi_config_apply_per_lib :  ITTAPI function instrumented: __itt_counter_inc_delta
3176706 : 0x250a7dcbf1678e : 2 : ittapi_config_apply_per_lib :  ITTAPI function instrumented: __itt_counter_dec
3176706 : 0x250a7dcbf16c37 : 2 : ittapi_config_apply_per_lib :  ITTAPI function instrumented: __itt_counter_dec_delta
3176706 : 0x250a7dcbf17099 : 2 : ittapi_config_apply_per_lib :  ITTAPI function instrumented: __itt_counter_set_value
3176706 : 0x250a7dcbf17569 : 2 : ittapi_config_apply_per_lib :  ITTAPI function not implemented: __itt_counter_set_value_ex
3176706 : 0x250a7dcbf19436 : 2 : ittapi_config_apply_per_lib :  ITTAPI function not implemented: __itt_mark_create
3176706 : 0x250a7dcbf199a6 : 2 : ittapi_config_apply_per_lib :  ITTAPI function not implemented: __itt_mark
3176706 : 0x250a7dcbf19e94 : 2 : ittapi_config_apply_per_lib :  ITTAPI function not implemented: __itt_mark_off
3176706 : 0x250a7dcbf1a383 : 2 : ittapi_config_apply_per_lib :  ITTAPI function not implemented: __itt_mark_global
3176706 : 0x250a7dcbf1a83f : 2 : ittapi_config_apply_per_lib :  ITTAPI function not implemented: __itt_mark_global_off
3176706 : 0x250a7dcbf1ae00 : 2 : ittapi_config_apply_per_lib :  ITTAPI function instrumented: __itt_stack_caller_create
3176706 : 0x250a7dcbf1b2e4 : 2 : ittapi_config_apply_per_lib :  ITTAPI function instrumented: __itt_stack_caller_destroy
3176706 : 0x250a7dcbf1b7b5 : 2 : ittapi_config_apply_per_lib :  ITTAPI function instrumented: __itt_stack_callee_enter
3176706 : 0x250a7dcbf1bbf9 : 2 : ittapi_config_apply_per_lib :  ITTAPI function instrumented: __itt_stack_callee_leave
3176706 : 0x250a7dcbf1c10f : 2 : ittapi_config_apply_per_lib :  ITTAPI function not implemented: __itt_clock_domain_create
3176706 : 0x250a7dcbf1e177 : 2 : ittapi_config_apply_per_lib :  ITTAPI function not implemented: __itt_clock_domain_reset
3176706 : 0x250a7dcbf1e6a1 : 2 : ittapi_config_apply_per_lib :  ITTAPI function not implemented: __itt_id_create_ex
3176706 : 0x250a7dcbf1eb71 : 2 : ittapi_config_apply_per_lib :  ITTAPI function not implemented: __itt_id_destroy_ex
3176706 : 0x250a7dcbf1f04c : 2 : ittapi_config_apply_per_lib :  ITTAPI function not implemented: __itt_task_begin_ex
3176706 : 0x250a7dcbf1f508 : 2 : ittapi_config_apply_per_lib :  ITTAPI function not implemented: __itt_task_begin_fn_ex
3176706 : 0x250a7dcbf1f9ec : 2 : ittapi_config_apply_per_lib :  ITTAPI function not implemented: __itt_task_end_ex
3176706 : 0x250a7dcbf1fe59 : 2 : ittapi_config_apply_per_lib :  ITTAPI function instrumented: __itt_task_begin_overlapped
3176706 : 0x250a7dcbf20315 : 2 : ittapi_config_apply_per_lib :  ITTAPI function not implemented: __itt_task_begin_overlapped_ex
3176706 : 0x250a7dcbf207d1 : 2 : ittapi_config_apply_per_lib :  ITTAPI function instrumented: __itt_task_end_overlapped
3176706 : 0x250a7dcbf20cb5 : 2 : ittapi_config_apply_per_lib :  ITTAPI function not implemented: __itt_task_end_overlapped_ex
3176706 : 0x250a7dcbf22b1e : 2 : ittapi_config_apply_per_lib :  ITTAPI function not implemented: __itt_marker_ex
3176706 : 0x250a7dcbf2307b : 2 : ittapi_config_apply_per_lib :  ITTAPI function not implemented: __itt_metadata_add_with_scope
3176706 : 0x250a7dcbf2524b : 2 : ittapi_config_apply_per_lib :  ITTAPI function not implemented: __itt_metadata_str_add_with_scope
3176706 : 0x250a7dcbf25866 : 2 : ittapi_config_apply_per_lib :  ITTAPI function not implemented: __itt_relation_add_to_current_ex
3176706 : 0x250a7dcbf25d22 : 2 : ittapi_config_apply_per_lib :  ITTAPI function not implemented: __itt_relation_add_ex
3176706 : 0x250a7dcbf26206 : 2 : ittapi_config_apply_per_lib :  ITTAPI function not implemented: __itt_track_group_create
3176706 : 0x250a7dcbf266a5 : 2 : ittapi_config_apply_per_lib :  ITTAPI function not implemented: __itt_track_create
3176706 : 0x250a7dcbf26bb1 : 2 : ittapi_config_apply_per_lib :  ITTAPI function not implemented: __itt_set_track
3176706 : 0x250a7dcbf26fff : 2 : ittapi_config_apply_per_lib :  ITTAPI function instrumented: __itt_api_version
3176706 : 0x250a7dcbf274a7 : 2 : ittapi_config_apply_per_lib :  ITTAPI function not implemented: __itt_av_save
3176706 : 0x250a7dcbf2b11f : 2 : ittapi_config_apply_per_lib :  ITTAPI function instrumented: __itt_module_load